nohup: ignoring input

Overall fraction of missing values: 0.500
Step 1000/30000  DM Loss: 0.064743 SSL Loss:0.001963, Sum: 0.066707
Step 2000/30000  DM Loss: 0.056749 SSL Loss:0.001310, Sum: 0.058059
Step 3000/30000  DM Loss: 0.053797 SSL Loss:0.001294, Sum: 0.055091
Step 4000/30000  DM Loss: 0.049216 SSL Loss:0.001461, Sum: 0.050677
Step 5000/30000  DM Loss: 0.045672 SSL Loss:0.001398, Sum: 0.047070
Step 6000/30000  DM Loss: 0.044071 SSL Loss:0.001278, Sum: 0.045349
Step 7000/30000  DM Loss: 0.043479 SSL Loss:0.001144, Sum: 0.044624
Step 8000/30000  DM Loss: 0.042713 SSL Loss:0.000978, Sum: 0.043691
Step 9000/30000  DM Loss: 0.042403 SSL Loss:0.000960, Sum: 0.043363
Step 10000/30000  DM Loss: 0.041934 SSL Loss:0.000849, Sum: 0.042783
Step 11000/30000  DM Loss: 0.041796 SSL Loss:0.000829, Sum: 0.042625
Step 12000/30000  DM Loss: 0.041556 SSL Loss:0.000783, Sum: 0.042339
Step 13000/30000  DM Loss: 0.041172 SSL Loss:0.000739, Sum: 0.041911
Step 14000/30000  DM Loss: 0.040896 SSL Loss:0.000765, Sum: 0.041661
Step 15000/30000  DM Loss: 0.040268 SSL Loss:0.000861, Sum: 0.041129
Step 16000/30000  DM Loss: 0.039425 SSL Loss:0.000821, Sum: 0.040246
Step 17000/30000  DM Loss: 0.038544 SSL Loss:0.000761, Sum: 0.039305
Step 18000/30000  DM Loss: 0.038115 SSL Loss:0.000743, Sum: 0.038857
Step 19000/30000  DM Loss: 0.037897 SSL Loss:0.000686, Sum: 0.038583
Step 20000/30000  DM Loss: 0.037574 SSL Loss:0.000659, Sum: 0.038232
Step 21000/30000  DM Loss: 0.037242 SSL Loss:0.000618, Sum: 0.037860
Step 22000/30000  DM Loss: 0.037143 SSL Loss:0.000590, Sum: 0.037732
Step 23000/30000  DM Loss: 0.037207 SSL Loss:0.000569, Sum: 0.037776
Step 24000/30000  DM Loss: 0.036930 SSL Loss:0.000553, Sum: 0.037483
Step 25000/30000  DM Loss: 0.036921 SSL Loss:0.000540, Sum: 0.037461
Step 26000/30000  DM Loss: 0.036857 SSL Loss:0.000520, Sum: 0.037377
Step 27000/30000  DM Loss: 0.036791 SSL Loss:0.000503, Sum: 0.037294
Step 28000/30000  DM Loss: 0.036752 SSL Loss:0.000498, Sum: 0.037250
Step 29000/30000  DM Loss: 0.036869 SSL Loss:0.000491, Sum: 0.037360
Step 30000/30000  DM Loss: 0.036657 SSL Loss:0.000476, Sum: 0.037134
SimpDM finished. RMSE on model subspace: 0.12198716234347569
RMSE on original scale: 7.309419586766678

Overall fraction of missing values: 0.500
Step 1000/30000  DM Loss: 0.065903 SSL Loss:0.001763, Sum: 0.067666
Step 2000/30000  DM Loss: 0.056187 SSL Loss:0.001403, Sum: 0.057590
Step 3000/30000  DM Loss: 0.053009 SSL Loss:0.001388, Sum: 0.054398
Step 4000/30000  DM Loss: 0.049064 SSL Loss:0.001312, Sum: 0.050376
Step 5000/30000  DM Loss: 0.045822 SSL Loss:0.001249, Sum: 0.047071
Step 6000/30000  DM Loss: 0.044043 SSL Loss:0.001202, Sum: 0.045245
Step 7000/30000  DM Loss: 0.043519 SSL Loss:0.001120, Sum: 0.044639
Step 8000/30000  DM Loss: 0.043035 SSL Loss:0.001006, Sum: 0.044041
Step 9000/30000  DM Loss: 0.042450 SSL Loss:0.000902, Sum: 0.043352
Step 10000/30000  DM Loss: 0.042166 SSL Loss:0.000873, Sum: 0.043039
Step 11000/30000  DM Loss: 0.041721 SSL Loss:0.000792, Sum: 0.042512
Step 12000/30000  DM Loss: 0.041617 SSL Loss:0.000809, Sum: 0.042426
Step 13000/30000  DM Loss: 0.041269 SSL Loss:0.000775, Sum: 0.042044
Step 14000/30000  DM Loss: 0.040871 SSL Loss:0.000712, Sum: 0.041583
Step 15000/30000  DM Loss: 0.040698 SSL Loss:0.000737, Sum: 0.041435
Step 16000/30000  DM Loss: 0.040452 SSL Loss:0.000732, Sum: 0.041184
Step 17000/30000  DM Loss: 0.040142 SSL Loss:0.000724, Sum: 0.040866
Step 18000/30000  DM Loss: 0.040043 SSL Loss:0.000754, Sum: 0.040797
Step 19000/30000  DM Loss: 0.039462 SSL Loss:0.000740, Sum: 0.040202
Step 20000/30000  DM Loss: 0.039175 SSL Loss:0.000765, Sum: 0.039940
Step 21000/30000  DM Loss: 0.038941 SSL Loss:0.000732, Sum: 0.039673
Step 22000/30000  DM Loss: 0.038328 SSL Loss:0.000702, Sum: 0.039031
Step 23000/30000  DM Loss: 0.038104 SSL Loss:0.000714, Sum: 0.038818
Step 24000/30000  DM Loss: 0.038051 SSL Loss:0.000694, Sum: 0.038744
Step 25000/30000  DM Loss: 0.037889 SSL Loss:0.000659, Sum: 0.038548
Step 26000/30000  DM Loss: 0.037570 SSL Loss:0.000636, Sum: 0.038206
Step 27000/30000  DM Loss: 0.037540 SSL Loss:0.000620, Sum: 0.038160
Step 28000/30000  DM Loss: 0.037495 SSL Loss:0.000597, Sum: 0.038092
Step 29000/30000  DM Loss: 0.037479 SSL Loss:0.000573, Sum: 0.038053
Step 30000/30000  DM Loss: 0.037358 SSL Loss:0.000566, Sum: 0.037925
SimpDM finished. RMSE on model subspace: 0.12232095395361259
RMSE on original scale: 7.4930836458004695
