nohup: ignoring input
Step 1000/30000  DM Loss: 0.044078 SSL Loss:0.003297, Sum: 0.047375
Step 2000/30000  DM Loss: 0.037173 SSL Loss:0.002377, Sum: 0.039550
Step 3000/30000  DM Loss: 0.034514 SSL Loss:0.002144, Sum: 0.036658
Step 4000/30000  DM Loss: 0.030921 SSL Loss:0.001979, Sum: 0.032900
Step 5000/30000  DM Loss: 0.029294 SSL Loss:0.001735, Sum: 0.031029
Step 6000/30000  DM Loss: 0.027763 SSL Loss:0.001535, Sum: 0.029298
Step 7000/30000  DM Loss: 0.027351 SSL Loss:0.001531, Sum: 0.028882
Step 8000/30000  DM Loss: 0.025948 SSL Loss:0.001429, Sum: 0.027377
Step 9000/30000  DM Loss: 0.025253 SSL Loss:0.001306, Sum: 0.026559
Step 10000/30000  DM Loss: 0.024852 SSL Loss:0.001243, Sum: 0.026095
Step 11000/30000  DM Loss: 0.024943 SSL Loss:0.001147, Sum: 0.026091
Step 12000/30000  DM Loss: 0.024148 SSL Loss:0.001158, Sum: 0.025306
Step 13000/30000  DM Loss: 0.024208 SSL Loss:0.001095, Sum: 0.025303
Step 14000/30000  DM Loss: 0.024348 SSL Loss:0.001129, Sum: 0.025476
Step 15000/30000  DM Loss: 0.023653 SSL Loss:0.001198, Sum: 0.024850
Step 16000/30000  DM Loss: 0.023643 SSL Loss:0.001144, Sum: 0.024786
Step 17000/30000  DM Loss: 0.022971 SSL Loss:0.001179, Sum: 0.024150
Step 18000/30000  DM Loss: 0.022928 SSL Loss:0.001017, Sum: 0.023945
Step 19000/30000  DM Loss: 0.022428 SSL Loss:0.001049, Sum: 0.023477
Step 20000/30000  DM Loss: 0.022045 SSL Loss:0.000987, Sum: 0.023031
Step 21000/30000  DM Loss: 0.022406 SSL Loss:0.000945, Sum: 0.023351
Step 22000/30000  DM Loss: 0.021659 SSL Loss:0.000942, Sum: 0.022601
Step 23000/30000  DM Loss: 0.022121 SSL Loss:0.000998, Sum: 0.023119
Step 24000/30000  DM Loss: 0.021726 SSL Loss:0.000957, Sum: 0.022684
Step 25000/30000  DM Loss: 0.021660 SSL Loss:0.000925, Sum: 0.022585
Step 26000/30000  DM Loss: 0.021206 SSL Loss:0.000915, Sum: 0.022122
Step 27000/30000  DM Loss: 0.021655 SSL Loss:0.000958, Sum: 0.022613
Step 28000/30000  DM Loss: 0.021221 SSL Loss:0.000890, Sum: 0.022112
Step 29000/30000  DM Loss: 0.020968 SSL Loss:0.000823, Sum: 0.021791
Step 30000/30000  DM Loss: 0.021760 SSL Loss:0.000866, Sum: 0.022626
SimpDM finished. RMSE: 0.11853756424173692
Forest diffusion finished. RMSE: 0.4394013904372199
Forest diffusion (repaint) finished. RMSE: 0.41832898347332925
Step 1000/30000  DM Loss: 0.043012 SSL Loss:0.003384, Sum: 0.046396
Step 2000/30000  DM Loss: 0.034644 SSL Loss:0.002441, Sum: 0.037085
Step 3000/30000  DM Loss: 0.031978 SSL Loss:0.002038, Sum: 0.034017
Step 4000/30000  DM Loss: 0.030170 SSL Loss:0.001968, Sum: 0.032139
Step 5000/30000  DM Loss: 0.028564 SSL Loss:0.001784, Sum: 0.030348
Step 6000/30000  DM Loss: 0.028085 SSL Loss:0.001755, Sum: 0.029841
Step 7000/30000  DM Loss: 0.027236 SSL Loss:0.001654, Sum: 0.028889
Step 8000/30000  DM Loss: 0.026306 SSL Loss:0.001559, Sum: 0.027864
Step 9000/30000  DM Loss: 0.025754 SSL Loss:0.001475, Sum: 0.027229
Step 10000/30000  DM Loss: 0.025057 SSL Loss:0.001399, Sum: 0.026455
Step 11000/30000  DM Loss: 0.024147 SSL Loss:0.001393, Sum: 0.025540
Step 12000/30000  DM Loss: 0.022850 SSL Loss:0.001435, Sum: 0.024285
Step 13000/30000  DM Loss: 0.023066 SSL Loss:0.001308, Sum: 0.024374
Step 14000/30000  DM Loss: 0.022072 SSL Loss:0.001398, Sum: 0.023470
Step 15000/30000  DM Loss: 0.021214 SSL Loss:0.001382, Sum: 0.022596
Step 16000/30000  DM Loss: 0.019976 SSL Loss:0.001341, Sum: 0.021317
Step 17000/30000  DM Loss: 0.019963 SSL Loss:0.001349, Sum: 0.021312
Step 18000/30000  DM Loss: 0.018985 SSL Loss:0.001214, Sum: 0.020199
Step 19000/30000  DM Loss: 0.018709 SSL Loss:0.001102, Sum: 0.019811
Step 20000/30000  DM Loss: 0.018694 SSL Loss:0.001100, Sum: 0.019794
Step 21000/30000  DM Loss: 0.018486 SSL Loss:0.001052, Sum: 0.019538
Step 22000/30000  DM Loss: 0.018538 SSL Loss:0.000991, Sum: 0.019529
Step 23000/30000  DM Loss: 0.018203 SSL Loss:0.000918, Sum: 0.019122
Step 24000/30000  DM Loss: 0.017745 SSL Loss:0.000857, Sum: 0.018603
Step 25000/30000  DM Loss: 0.017770 SSL Loss:0.000838, Sum: 0.018608
Step 26000/30000  DM Loss: 0.017773 SSL Loss:0.000820, Sum: 0.018593
Step 27000/30000  DM Loss: 0.018120 SSL Loss:0.000799, Sum: 0.018919
Step 28000/30000  DM Loss: 0.017686 SSL Loss:0.000784, Sum: 0.018470
Step 29000/30000  DM Loss: 0.017780 SSL Loss:0.000781, Sum: 0.018561
Step 30000/30000  DM Loss: 0.017510 SSL Loss:0.000796, Sum: 0.018305
SimpDM finished. RMSE: 0.08939441894095364
Forest diffusion finished. RMSE: 0.3545817473528486
Forest diffusion (repaint) finished. RMSE: 0.3958071092038044
Step 1000/30000  DM Loss: 0.035535 SSL Loss:0.002172, Sum: 0.037707
Step 2000/30000  DM Loss: 0.033266 SSL Loss:0.001509, Sum: 0.034776
Step 3000/30000  DM Loss: 0.031355 SSL Loss:0.001755, Sum: 0.033109
Step 4000/30000  DM Loss: 0.029807 SSL Loss:0.001623, Sum: 0.031430
Step 5000/30000  DM Loss: 0.028220 SSL Loss:0.001410, Sum: 0.029631
Step 6000/30000  DM Loss: 0.026933 SSL Loss:0.001507, Sum: 0.028439
Step 7000/30000  DM Loss: 0.026260 SSL Loss:0.001415, Sum: 0.027675
Step 8000/30000  DM Loss: 0.024815 SSL Loss:0.001306, Sum: 0.026121
Step 9000/30000  DM Loss: 0.023105 SSL Loss:0.001185, Sum: 0.024290
Step 10000/30000  DM Loss: 0.022425 SSL Loss:0.001188, Sum: 0.023613
Step 11000/30000  DM Loss: 0.022119 SSL Loss:0.001126, Sum: 0.023244
Step 12000/30000  DM Loss: 0.021854 SSL Loss:0.001132, Sum: 0.022986
Step 13000/30000  DM Loss: 0.021421 SSL Loss:0.001076, Sum: 0.022497
Step 14000/30000  DM Loss: 0.021135 SSL Loss:0.001119, Sum: 0.022254
Step 15000/30000  DM Loss: 0.020536 SSL Loss:0.001076, Sum: 0.021612
Step 16000/30000  DM Loss: 0.020008 SSL Loss:0.001102, Sum: 0.021110
Step 17000/30000  DM Loss: 0.019647 SSL Loss:0.001241, Sum: 0.020888
Step 18000/30000  DM Loss: 0.018856 SSL Loss:0.001216, Sum: 0.020071
Step 19000/30000  DM Loss: 0.018208 SSL Loss:0.001317, Sum: 0.019525
Step 20000/30000  DM Loss: 0.017752 SSL Loss:0.001306, Sum: 0.019058
Step 21000/30000  DM Loss: 0.017195 SSL Loss:0.001313, Sum: 0.018509
Step 22000/30000  DM Loss: 0.016390 SSL Loss:0.001295, Sum: 0.017685
Step 23000/30000  DM Loss: 0.015934 SSL Loss:0.001152, Sum: 0.017087
Step 24000/30000  DM Loss: 0.015586 SSL Loss:0.001104, Sum: 0.016690
Step 25000/30000  DM Loss: 0.015513 SSL Loss:0.001046, Sum: 0.016559
Step 26000/30000  DM Loss: 0.015295 SSL Loss:0.000986, Sum: 0.016282
Step 27000/30000  DM Loss: 0.015163 SSL Loss:0.001028, Sum: 0.016190
Step 28000/30000  DM Loss: 0.014621 SSL Loss:0.000981, Sum: 0.015602
Step 29000/30000  DM Loss: 0.015271 SSL Loss:0.000967, Sum: 0.016237
Step 30000/30000  DM Loss: 0.015008 SSL Loss:0.000894, Sum: 0.015901
SimpDM finished. RMSE: 0.11687252503536157
Forest diffusion finished. RMSE: 0.4132115695587494
Forest diffusion (repaint) finished. RMSE: 0.39241976160151276
Step 1000/30000  DM Loss: 0.043575 SSL Loss:0.002849, Sum: 0.046423
Step 2000/30000  DM Loss: 0.036569 SSL Loss:0.003019, Sum: 0.039588
Step 3000/30000  DM Loss: 0.031967 SSL Loss:0.002422, Sum: 0.034390
Step 4000/30000  DM Loss: 0.029879 SSL Loss:0.002400, Sum: 0.032279
Step 5000/30000  DM Loss: 0.027136 SSL Loss:0.002055, Sum: 0.029191
Step 6000/30000  DM Loss: 0.025918 SSL Loss:0.001899, Sum: 0.027817
Step 7000/30000  DM Loss: 0.025239 SSL Loss:0.001650, Sum: 0.026889
Step 8000/30000  DM Loss: 0.024572 SSL Loss:0.001607, Sum: 0.026179
Step 9000/30000  DM Loss: 0.023253 SSL Loss:0.001477, Sum: 0.024729
Step 10000/30000  DM Loss: 0.023443 SSL Loss:0.001488, Sum: 0.024931
Step 11000/30000  DM Loss: 0.022490 SSL Loss:0.001369, Sum: 0.023859
Step 12000/30000  DM Loss: 0.022710 SSL Loss:0.001380, Sum: 0.024091
Step 13000/30000  DM Loss: 0.021801 SSL Loss:0.001241, Sum: 0.023042
Step 14000/30000  DM Loss: 0.022009 SSL Loss:0.001187, Sum: 0.023197
Step 15000/30000  DM Loss: 0.021521 SSL Loss:0.001338, Sum: 0.022859
Step 16000/30000  DM Loss: 0.021214 SSL Loss:0.001167, Sum: 0.022381
Step 17000/30000  DM Loss: 0.020874 SSL Loss:0.001206, Sum: 0.022080
Step 18000/30000  DM Loss: 0.020396 SSL Loss:0.001203, Sum: 0.021600
Step 19000/30000  DM Loss: 0.020082 SSL Loss:0.001127, Sum: 0.021209
Step 20000/30000  DM Loss: 0.019959 SSL Loss:0.001264, Sum: 0.021223
Step 21000/30000  DM Loss: 0.019108 SSL Loss:0.001168, Sum: 0.020276
Step 22000/30000  DM Loss: 0.018662 SSL Loss:0.001216, Sum: 0.019878
Step 23000/30000  DM Loss: 0.018070 SSL Loss:0.001152, Sum: 0.019222
Step 24000/30000  DM Loss: 0.017731 SSL Loss:0.001136, Sum: 0.018867
Step 25000/30000  DM Loss: 0.017571 SSL Loss:0.001188, Sum: 0.018760
Step 26000/30000  DM Loss: 0.016659 SSL Loss:0.001105, Sum: 0.017764
Step 27000/30000  DM Loss: 0.016533 SSL Loss:0.001071, Sum: 0.017604
Step 28000/30000  DM Loss: 0.016470 SSL Loss:0.001030, Sum: 0.017500
Step 29000/30000  DM Loss: 0.016265 SSL Loss:0.001002, Sum: 0.017267
Step 30000/30000  DM Loss: 0.015926 SSL Loss:0.000971, Sum: 0.016897
SimpDM finished. RMSE: 0.06758736884847667
Forest diffusion finished. RMSE: 0.3370048245892604
Forest diffusion (repaint) finished. RMSE: 0.34045483089679024
Step 1000/30000  DM Loss: 0.041460 SSL Loss:0.003728, Sum: 0.045188
Step 2000/30000  DM Loss: 0.034609 SSL Loss:0.002248, Sum: 0.036857
Step 3000/30000  DM Loss: 0.032099 SSL Loss:0.001821, Sum: 0.033920
Step 4000/30000  DM Loss: 0.031542 SSL Loss:0.001713, Sum: 0.033255
Step 5000/30000  DM Loss: 0.029732 SSL Loss:0.001850, Sum: 0.031582
Step 6000/30000  DM Loss: 0.028578 SSL Loss:0.001798, Sum: 0.030375
Step 7000/30000  DM Loss: 0.026162 SSL Loss:0.001787, Sum: 0.027949
Step 8000/30000  DM Loss: 0.024542 SSL Loss:0.001696, Sum: 0.026238
Step 9000/30000  DM Loss: 0.023444 SSL Loss:0.001417, Sum: 0.024861
Step 10000/30000  DM Loss: 0.023598 SSL Loss:0.001274, Sum: 0.024872
Step 11000/30000  DM Loss: 0.022526 SSL Loss:0.001273, Sum: 0.023799
Step 12000/30000  DM Loss: 0.023157 SSL Loss:0.001181, Sum: 0.024338
Step 13000/30000  DM Loss: 0.022410 SSL Loss:0.001102, Sum: 0.023512
Step 14000/30000  DM Loss: 0.022071 SSL Loss:0.001089, Sum: 0.023160
Step 15000/30000  DM Loss: 0.022418 SSL Loss:0.001093, Sum: 0.023511
Step 16000/30000  DM Loss: 0.022235 SSL Loss:0.000943, Sum: 0.023178
Step 17000/30000  DM Loss: 0.021783 SSL Loss:0.000928, Sum: 0.022711
Step 18000/30000  DM Loss: 0.021277 SSL Loss:0.000993, Sum: 0.022270
Step 19000/30000  DM Loss: 0.021393 SSL Loss:0.000927, Sum: 0.022320
Step 20000/30000  DM Loss: 0.020753 SSL Loss:0.000825, Sum: 0.021577
Step 21000/30000  DM Loss: 0.020913 SSL Loss:0.000823, Sum: 0.021736
Step 22000/30000  DM Loss: 0.020631 SSL Loss:0.000884, Sum: 0.021515
Step 23000/30000  DM Loss: 0.020279 SSL Loss:0.000830, Sum: 0.021109
Step 24000/30000  DM Loss: 0.020384 SSL Loss:0.000802, Sum: 0.021186
Step 25000/30000  DM Loss: 0.020510 SSL Loss:0.000820, Sum: 0.021330
Step 26000/30000  DM Loss: 0.020585 SSL Loss:0.000805, Sum: 0.021390
Step 27000/30000  DM Loss: 0.019886 SSL Loss:0.000726, Sum: 0.020612
Step 28000/30000  DM Loss: 0.019832 SSL Loss:0.000726, Sum: 0.020558
Step 29000/30000  DM Loss: 0.020084 SSL Loss:0.000694, Sum: 0.020777
Step 30000/30000  DM Loss: 0.019699 SSL Loss:0.000672, Sum: 0.020371
SimpDM finished. RMSE: 0.10857269943894787
Forest diffusion finished. RMSE: 0.388434858012456
Forest diffusion (repaint) finished. RMSE: 0.41847814306501196
rmse: 0.1002+-0.0169
fd_rmse: 0.3865+-0.0328
fd_rmse_repaint: 0.3931+-0.0250
