nohup: ignoring input

Overall fraction of missing values: 0.700
Step 1000/30000  DM Loss: 0.068959 SSL Loss:0.000898, Sum: 0.069857
Step 2000/30000  DM Loss: 0.058182 SSL Loss:0.001089, Sum: 0.059271
Step 3000/30000  DM Loss: 0.056587 SSL Loss:0.001052, Sum: 0.057639
Step 4000/30000  DM Loss: 0.055162 SSL Loss:0.000908, Sum: 0.056070
Step 5000/30000  DM Loss: 0.054137 SSL Loss:0.000906, Sum: 0.055043
Step 6000/30000  DM Loss: 0.052892 SSL Loss:0.000832, Sum: 0.053724
Step 7000/30000  DM Loss: 0.052181 SSL Loss:0.000764, Sum: 0.052945
Step 8000/30000  DM Loss: 0.052005 SSL Loss:0.000835, Sum: 0.052839
Step 9000/30000  DM Loss: 0.050262 SSL Loss:0.000975, Sum: 0.051238
Step 10000/30000  DM Loss: 0.049101 SSL Loss:0.000924, Sum: 0.050025
Step 11000/30000  DM Loss: 0.048598 SSL Loss:0.000881, Sum: 0.049479
Step 12000/30000  DM Loss: 0.047562 SSL Loss:0.000874, Sum: 0.048436
Step 13000/30000  DM Loss: 0.046917 SSL Loss:0.000901, Sum: 0.047819
Step 14000/30000  DM Loss: 0.045816 SSL Loss:0.000900, Sum: 0.046715
Step 15000/30000  DM Loss: 0.045428 SSL Loss:0.000816, Sum: 0.046244
Step 16000/30000  DM Loss: 0.044886 SSL Loss:0.000768, Sum: 0.045654
Step 17000/30000  DM Loss: 0.044613 SSL Loss:0.000717, Sum: 0.045330
Step 18000/30000  DM Loss: 0.044421 SSL Loss:0.000657, Sum: 0.045078
Step 19000/30000  DM Loss: 0.044323 SSL Loss:0.000651, Sum: 0.044974
Step 20000/30000  DM Loss: 0.044192 SSL Loss:0.000630, Sum: 0.044822
Step 21000/30000  DM Loss: 0.044066 SSL Loss:0.000609, Sum: 0.044675
Step 22000/30000  DM Loss: 0.043956 SSL Loss:0.000598, Sum: 0.044554
Step 23000/30000  DM Loss: 0.044071 SSL Loss:0.000591, Sum: 0.044663
Step 24000/30000  DM Loss: 0.044068 SSL Loss:0.000580, Sum: 0.044648
Step 25000/30000  DM Loss: 0.044024 SSL Loss:0.000555, Sum: 0.044578
Step 26000/30000  DM Loss: 0.043729 SSL Loss:0.000564, Sum: 0.044293
Step 27000/30000  DM Loss: 0.043598 SSL Loss:0.000546, Sum: 0.044144
Step 28000/30000  DM Loss: 0.043600 SSL Loss:0.000538, Sum: 0.044138
Step 29000/30000  DM Loss: 0.043662 SSL Loss:0.000527, Sum: 0.044188
Step 30000/30000  DM Loss: 0.043601 SSL Loss:0.000527, Sum: 0.044128
SimpDM finished. RMSE on model subspace: 0.13758862502707123
RMSE on original scale: 11.070824950490387

Overall fraction of missing values: 0.700
Step 1000/30000  DM Loss: 0.068724 SSL Loss:0.000944, Sum: 0.069668
Step 2000/30000  DM Loss: 0.061151 SSL Loss:0.001353, Sum: 0.062503
Step 3000/30000  DM Loss: 0.055604 SSL Loss:0.001094, Sum: 0.056698
Step 4000/30000  DM Loss: 0.054843 SSL Loss:0.000926, Sum: 0.055769
Step 5000/30000  DM Loss: 0.053549 SSL Loss:0.001025, Sum: 0.054574
Step 6000/30000  DM Loss: 0.051564 SSL Loss:0.001170, Sum: 0.052734
Step 7000/30000  DM Loss: 0.049983 SSL Loss:0.001156, Sum: 0.051139
Step 8000/30000  DM Loss: 0.048935 SSL Loss:0.001047, Sum: 0.049983
Step 9000/30000  DM Loss: 0.048142 SSL Loss:0.000908, Sum: 0.049051
Step 10000/30000  DM Loss: 0.048115 SSL Loss:0.000837, Sum: 0.048952
Step 11000/30000  DM Loss: 0.047747 SSL Loss:0.000817, Sum: 0.048564
Step 12000/30000  DM Loss: 0.047380 SSL Loss:0.000727, Sum: 0.048107
Step 13000/30000  DM Loss: 0.047423 SSL Loss:0.000748, Sum: 0.048172
Step 14000/30000  DM Loss: 0.047299 SSL Loss:0.000715, Sum: 0.048014
Step 15000/30000  DM Loss: 0.047245 SSL Loss:0.000686, Sum: 0.047931
Step 16000/30000  DM Loss: 0.047016 SSL Loss:0.000715, Sum: 0.047731
Step 17000/30000  DM Loss: 0.046840 SSL Loss:0.000670, Sum: 0.047510
Step 18000/30000  DM Loss: 0.046805 SSL Loss:0.000697, Sum: 0.047502
Step 19000/30000  DM Loss: 0.046481 SSL Loss:0.000705, Sum: 0.047186
Step 20000/30000  DM Loss: 0.045958 SSL Loss:0.000713, Sum: 0.046671
Step 21000/30000  DM Loss: 0.045618 SSL Loss:0.000738, Sum: 0.046356
Step 22000/30000  DM Loss: 0.044876 SSL Loss:0.000705, Sum: 0.045581
Step 23000/30000  DM Loss: 0.044502 SSL Loss:0.000689, Sum: 0.045191
Step 24000/30000  DM Loss: 0.044336 SSL Loss:0.000678, Sum: 0.045014
Step 25000/30000  DM Loss: 0.044352 SSL Loss:0.000668, Sum: 0.045020
Step 26000/30000  DM Loss: 0.044413 SSL Loss:0.000653, Sum: 0.045065
Step 27000/30000  DM Loss: 0.044092 SSL Loss:0.000630, Sum: 0.044722
Step 28000/30000  DM Loss: 0.043926 SSL Loss:0.000623, Sum: 0.044549
Step 29000/30000  DM Loss: 0.044012 SSL Loss:0.000602, Sum: 0.044614
Step 30000/30000  DM Loss: 0.044107 SSL Loss:0.000595, Sum: 0.044702
SimpDM finished. RMSE on model subspace: 0.13772833479709914
RMSE on original scale: 11.146097220021968

Overall fraction of missing values: 0.700
Step 1000/30000  DM Loss: 0.068660 SSL Loss:0.000978, Sum: 0.069639
Step 2000/30000  DM Loss: 0.058030 SSL Loss:0.000905, Sum: 0.058935
Step 3000/30000  DM Loss: 0.057082 SSL Loss:0.000942, Sum: 0.058024
Step 4000/30000  DM Loss: 0.055029 SSL Loss:0.000903, Sum: 0.055932
Step 5000/30000  DM Loss: 0.053862 SSL Loss:0.000953, Sum: 0.054815
Step 6000/30000  DM Loss: 0.050658 SSL Loss:0.001239, Sum: 0.051897
Step 7000/30000  DM Loss: 0.048696 SSL Loss:0.001171, Sum: 0.049868
Step 8000/30000  DM Loss: 0.047096 SSL Loss:0.001104, Sum: 0.048200
Step 9000/30000  DM Loss: 0.045639 SSL Loss:0.000958, Sum: 0.046597
Step 10000/30000  DM Loss: 0.045494 SSL Loss:0.000907, Sum: 0.046401
Step 11000/30000  DM Loss: 0.044350 SSL Loss:0.000788, Sum: 0.045139
Step 12000/30000  DM Loss: 0.044372 SSL Loss:0.000739, Sum: 0.045112
Step 13000/30000  DM Loss: 0.044022 SSL Loss:0.000710, Sum: 0.044732
Step 14000/30000  DM Loss: 0.044155 SSL Loss:0.000661, Sum: 0.044816
Step 15000/30000  DM Loss: 0.044117 SSL Loss:0.000641, Sum: 0.044758
Step 16000/30000  DM Loss: 0.043876 SSL Loss:0.000649, Sum: 0.044525
Step 17000/30000  DM Loss: 0.044039 SSL Loss:0.000604, Sum: 0.044643
Step 18000/30000  DM Loss: 0.044059 SSL Loss:0.000573, Sum: 0.044632
Step 19000/30000  DM Loss: 0.043783 SSL Loss:0.000568, Sum: 0.044351
Step 20000/30000  DM Loss: 0.043669 SSL Loss:0.000554, Sum: 0.044223
Step 21000/30000  DM Loss: 0.043548 SSL Loss:0.000567, Sum: 0.044115
Step 22000/30000  DM Loss: 0.043695 SSL Loss:0.000571, Sum: 0.044266
Step 23000/30000  DM Loss: 0.043504 SSL Loss:0.000546, Sum: 0.044049
Step 24000/30000  DM Loss: 0.043469 SSL Loss:0.000542, Sum: 0.044012
Step 25000/30000  DM Loss: 0.043578 SSL Loss:0.000537, Sum: 0.044115
Step 26000/30000  DM Loss: 0.043453 SSL Loss:0.000524, Sum: 0.043977
Step 27000/30000  DM Loss: 0.043521 SSL Loss:0.000526, Sum: 0.044047
Step 28000/30000  DM Loss: 0.043477 SSL Loss:0.000513, Sum: 0.043990
Step 29000/30000  DM Loss: 0.043270 SSL Loss:0.000511, Sum: 0.043781
Step 30000/30000  DM Loss: 0.043341 SSL Loss:0.000501, Sum: 0.043842
SimpDM finished. RMSE on model subspace: 0.13727308475258193
RMSE on original scale: 11.018186299687587

Overall fraction of missing values: 0.700
Step 1000/30000  DM Loss: 0.068825 SSL Loss:0.000952, Sum: 0.069777
Step 2000/30000  DM Loss: 0.057878 SSL Loss:0.001017, Sum: 0.058894
Step 3000/30000  DM Loss: 0.056755 SSL Loss:0.001106, Sum: 0.057861
Step 4000/30000  DM Loss: 0.053919 SSL Loss:0.001147, Sum: 0.055066
Step 5000/30000  DM Loss: 0.051074 SSL Loss:0.001313, Sum: 0.052387
Step 6000/30000  DM Loss: 0.049107 SSL Loss:0.001281, Sum: 0.050389
Step 7000/30000  DM Loss: 0.047284 SSL Loss:0.001259, Sum: 0.048543
Step 8000/30000  DM Loss: 0.046206 SSL Loss:0.001147, Sum: 0.047353
Step 9000/30000  DM Loss: 0.046107 SSL Loss:0.001211, Sum: 0.047318
Step 10000/30000  DM Loss: 0.045533 SSL Loss:0.000992, Sum: 0.046524
Step 11000/30000  DM Loss: 0.045355 SSL Loss:0.000950, Sum: 0.046305
Step 12000/30000  DM Loss: 0.045128 SSL Loss:0.000917, Sum: 0.046045
Step 13000/30000  DM Loss: 0.044999 SSL Loss:0.000881, Sum: 0.045879
Step 14000/30000  DM Loss: 0.044629 SSL Loss:0.000813, Sum: 0.045442
Step 15000/30000  DM Loss: 0.044792 SSL Loss:0.000807, Sum: 0.045599
Step 16000/30000  DM Loss: 0.044630 SSL Loss:0.000771, Sum: 0.045402
Step 17000/30000  DM Loss: 0.044476 SSL Loss:0.000753, Sum: 0.045228
Step 18000/30000  DM Loss: 0.044660 SSL Loss:0.000740, Sum: 0.045400
Step 19000/30000  DM Loss: 0.044243 SSL Loss:0.000746, Sum: 0.044990
Step 20000/30000  DM Loss: 0.044207 SSL Loss:0.000704, Sum: 0.044911
Step 21000/30000  DM Loss: 0.044211 SSL Loss:0.000705, Sum: 0.044916
Step 22000/30000  DM Loss: 0.044065 SSL Loss:0.000678, Sum: 0.044744
Step 23000/30000  DM Loss: 0.044108 SSL Loss:0.000673, Sum: 0.044781
Step 24000/30000  DM Loss: 0.043987 SSL Loss:0.000611, Sum: 0.044598
Step 25000/30000  DM Loss: 0.044045 SSL Loss:0.000599, Sum: 0.044644
Step 26000/30000  DM Loss: 0.044005 SSL Loss:0.000597, Sum: 0.044602
Step 27000/30000  DM Loss: 0.043732 SSL Loss:0.000574, Sum: 0.044305
Step 28000/30000  DM Loss: 0.043970 SSL Loss:0.000561, Sum: 0.044531
Step 29000/30000  DM Loss: 0.043573 SSL Loss:0.000568, Sum: 0.044141
Step 30000/30000  DM Loss: 0.043600 SSL Loss:0.000555, Sum: 0.044155
SimpDM finished. RMSE on model subspace: 0.13769194290253012
RMSE on original scale: 11.10405212179779

Overall fraction of missing values: 0.700
Step 1000/30000  DM Loss: 0.069002 SSL Loss:0.000908, Sum: 0.069910
Step 2000/30000  DM Loss: 0.057465 SSL Loss:0.001387, Sum: 0.058852
Step 3000/30000  DM Loss: 0.055756 SSL Loss:0.001020, Sum: 0.056776
Step 4000/30000  DM Loss: 0.055098 SSL Loss:0.000957, Sum: 0.056055
Step 5000/30000  DM Loss: 0.054089 SSL Loss:0.001015, Sum: 0.055105
Step 6000/30000  DM Loss: 0.052650 SSL Loss:0.001005, Sum: 0.053656
Step 7000/30000  DM Loss: 0.052094 SSL Loss:0.000917, Sum: 0.053011
Step 8000/30000  DM Loss: 0.051375 SSL Loss:0.000994, Sum: 0.052369
Step 9000/30000  DM Loss: 0.049968 SSL Loss:0.001090, Sum: 0.051058
Step 10000/30000  DM Loss: 0.047670 SSL Loss:0.001181, Sum: 0.048851
Step 11000/30000  DM Loss: 0.046840 SSL Loss:0.001081, Sum: 0.047921
Step 12000/30000  DM Loss: 0.045927 SSL Loss:0.001028, Sum: 0.046955
Step 13000/30000  DM Loss: 0.045606 SSL Loss:0.000951, Sum: 0.046557
Step 14000/30000  DM Loss: 0.045342 SSL Loss:0.000952, Sum: 0.046294
Step 15000/30000  DM Loss: 0.045038 SSL Loss:0.000894, Sum: 0.045931
Step 16000/30000  DM Loss: 0.045037 SSL Loss:0.000849, Sum: 0.045886
Step 17000/30000  DM Loss: 0.044696 SSL Loss:0.000772, Sum: 0.045468
Step 18000/30000  DM Loss: 0.044537 SSL Loss:0.000794, Sum: 0.045330
Step 19000/30000  DM Loss: 0.044233 SSL Loss:0.000732, Sum: 0.044965
Step 20000/30000  DM Loss: 0.044258 SSL Loss:0.000714, Sum: 0.044972
Step 21000/30000  DM Loss: 0.043953 SSL Loss:0.000680, Sum: 0.044633
Step 22000/30000  DM Loss: 0.044004 SSL Loss:0.000671, Sum: 0.044675
Step 23000/30000  DM Loss: 0.044148 SSL Loss:0.000657, Sum: 0.044805
Step 24000/30000  DM Loss: 0.044080 SSL Loss:0.000655, Sum: 0.044735
Step 25000/30000  DM Loss: 0.043900 SSL Loss:0.000634, Sum: 0.044535
Step 26000/30000  DM Loss: 0.043644 SSL Loss:0.000621, Sum: 0.044265
Step 27000/30000  DM Loss: 0.043758 SSL Loss:0.000586, Sum: 0.044344
Step 28000/30000  DM Loss: 0.043777 SSL Loss:0.000585, Sum: 0.044362
Step 29000/30000  DM Loss: 0.043568 SSL Loss:0.000566, Sum: 0.044135
Step 30000/30000  DM Loss: 0.043785 SSL Loss:0.000569, Sum: 0.044354
SimpDM finished. RMSE on model subspace: 0.1374758819072428
RMSE on original scale: 11.081976657189735
rmse: 0.1376+-0.0001
rmse_unreg: 11.0842+-0.0367
