nohup: ignoring input
Step 1000/30000  DM Loss: 0.040116 SSL Loss:0.003680, Sum: 0.043796
Step 2000/30000  DM Loss: 0.036812 SSL Loss:0.001970, Sum: 0.038781
Step 3000/30000  DM Loss: 0.035104 SSL Loss:0.002215, Sum: 0.037319
Step 4000/30000  DM Loss: 0.030875 SSL Loss:0.002110, Sum: 0.032985
Step 5000/30000  DM Loss: 0.029468 SSL Loss:0.001757, Sum: 0.031225
Step 6000/30000  DM Loss: 0.028272 SSL Loss:0.001585, Sum: 0.029856
Step 7000/30000  DM Loss: 0.027482 SSL Loss:0.001491, Sum: 0.028973
Step 8000/30000  DM Loss: 0.026583 SSL Loss:0.001349, Sum: 0.027932
Step 9000/30000  DM Loss: 0.025539 SSL Loss:0.001384, Sum: 0.026923
Step 10000/30000  DM Loss: 0.025318 SSL Loss:0.001242, Sum: 0.026560
Step 11000/30000  DM Loss: 0.025222 SSL Loss:0.001204, Sum: 0.026426
Step 12000/30000  DM Loss: 0.024600 SSL Loss:0.001226, Sum: 0.025826
Step 13000/30000  DM Loss: 0.024625 SSL Loss:0.001110, Sum: 0.025734
Step 14000/30000  DM Loss: 0.024636 SSL Loss:0.001141, Sum: 0.025777
Step 15000/30000  DM Loss: 0.024054 SSL Loss:0.001209, Sum: 0.025263
Step 16000/30000  DM Loss: 0.023883 SSL Loss:0.001167, Sum: 0.025050
Step 17000/30000  DM Loss: 0.023098 SSL Loss:0.001092, Sum: 0.024190
Step 18000/30000  DM Loss: 0.023263 SSL Loss:0.000999, Sum: 0.024263
Step 19000/30000  DM Loss: 0.022718 SSL Loss:0.000975, Sum: 0.023693
Step 20000/30000  DM Loss: 0.022395 SSL Loss:0.001019, Sum: 0.023414
Step 21000/30000  DM Loss: 0.022613 SSL Loss:0.000978, Sum: 0.023591
Step 22000/30000  DM Loss: 0.021854 SSL Loss:0.000932, Sum: 0.022786
Step 23000/30000  DM Loss: 0.022235 SSL Loss:0.000959, Sum: 0.023194
Step 24000/30000  DM Loss: 0.021897 SSL Loss:0.000927, Sum: 0.022824
Step 25000/30000  DM Loss: 0.021691 SSL Loss:0.000895, Sum: 0.022586
Step 26000/30000  DM Loss: 0.021548 SSL Loss:0.000919, Sum: 0.022467
Step 27000/30000  DM Loss: 0.021817 SSL Loss:0.000840, Sum: 0.022657
Step 28000/30000  DM Loss: 0.021365 SSL Loss:0.000846, Sum: 0.022211
Step 29000/30000  DM Loss: 0.021199 SSL Loss:0.000825, Sum: 0.022024
Step 30000/30000  DM Loss: 0.021814 SSL Loss:0.000884, Sum: 0.022698
SimpDM finished. RMSE: 0.12843440515737195
Forest diffusion finished. RMSE: 0.46617520478876606
Forest diffusion (repaint) finished. RMSE: 0.4727435209306156
Step 1000/30000  DM Loss: 0.036702 SSL Loss:0.003476, Sum: 0.040178
Step 2000/30000  DM Loss: 0.034189 SSL Loss:0.001885, Sum: 0.036074
Step 3000/30000  DM Loss: 0.032340 SSL Loss:0.001862, Sum: 0.034202
Step 4000/30000  DM Loss: 0.030801 SSL Loss:0.001623, Sum: 0.032424
Step 5000/30000  DM Loss: 0.029196 SSL Loss:0.001581, Sum: 0.030777
Step 6000/30000  DM Loss: 0.028682 SSL Loss:0.001737, Sum: 0.030418
Step 7000/30000  DM Loss: 0.027771 SSL Loss:0.001663, Sum: 0.029434
Step 8000/30000  DM Loss: 0.026867 SSL Loss:0.001688, Sum: 0.028555
Step 9000/30000  DM Loss: 0.026045 SSL Loss:0.001744, Sum: 0.027789
Step 10000/30000  DM Loss: 0.024794 SSL Loss:0.001627, Sum: 0.026422
Step 11000/30000  DM Loss: 0.023073 SSL Loss:0.001775, Sum: 0.024848
Step 12000/30000  DM Loss: 0.021108 SSL Loss:0.001757, Sum: 0.022865
Step 13000/30000  DM Loss: 0.020808 SSL Loss:0.001587, Sum: 0.022395
Step 14000/30000  DM Loss: 0.020087 SSL Loss:0.001525, Sum: 0.021612
Step 15000/30000  DM Loss: 0.019293 SSL Loss:0.001436, Sum: 0.020728
Step 16000/30000  DM Loss: 0.018815 SSL Loss:0.001328, Sum: 0.020143
Step 17000/30000  DM Loss: 0.018514 SSL Loss:0.001329, Sum: 0.019844
Step 18000/30000  DM Loss: 0.017979 SSL Loss:0.001289, Sum: 0.019268
Step 19000/30000  DM Loss: 0.017490 SSL Loss:0.001133, Sum: 0.018623
Step 20000/30000  DM Loss: 0.017536 SSL Loss:0.001171, Sum: 0.018707
Step 21000/30000  DM Loss: 0.017071 SSL Loss:0.001107, Sum: 0.018178
Step 22000/30000  DM Loss: 0.017300 SSL Loss:0.001104, Sum: 0.018404
Step 23000/30000  DM Loss: 0.016849 SSL Loss:0.000977, Sum: 0.017826
Step 24000/30000  DM Loss: 0.016572 SSL Loss:0.000921, Sum: 0.017493
Step 25000/30000  DM Loss: 0.016610 SSL Loss:0.000916, Sum: 0.017527
Step 26000/30000  DM Loss: 0.016586 SSL Loss:0.000897, Sum: 0.017483
Step 27000/30000  DM Loss: 0.016841 SSL Loss:0.000891, Sum: 0.017732
Step 28000/30000  DM Loss: 0.016597 SSL Loss:0.000887, Sum: 0.017484
Step 29000/30000  DM Loss: 0.016392 SSL Loss:0.000877, Sum: 0.017268
Step 30000/30000  DM Loss: 0.016327 SSL Loss:0.000849, Sum: 0.017176
SimpDM finished. RMSE: 0.059807569973600136
Forest diffusion finished. RMSE: 0.5327656974186062
Forest diffusion (repaint) finished. RMSE: 0.4474820731929142
Step 1000/30000  DM Loss: 0.035162 SSL Loss:0.001992, Sum: 0.037155
Step 2000/30000  DM Loss: 0.032502 SSL Loss:0.001670, Sum: 0.034172
Step 3000/30000  DM Loss: 0.030304 SSL Loss:0.001794, Sum: 0.032098
Step 4000/30000  DM Loss: 0.028308 SSL Loss:0.001500, Sum: 0.029808
Step 5000/30000  DM Loss: 0.026566 SSL Loss:0.001467, Sum: 0.028033
Step 6000/30000  DM Loss: 0.024810 SSL Loss:0.001375, Sum: 0.026185
Step 7000/30000  DM Loss: 0.024715 SSL Loss:0.001341, Sum: 0.026056
Step 8000/30000  DM Loss: 0.023585 SSL Loss:0.001247, Sum: 0.024832
Step 9000/30000  DM Loss: 0.022633 SSL Loss:0.001095, Sum: 0.023728
Step 10000/30000  DM Loss: 0.022582 SSL Loss:0.001133, Sum: 0.023715
Step 11000/30000  DM Loss: 0.022135 SSL Loss:0.001090, Sum: 0.023225
Step 12000/30000  DM Loss: 0.021310 SSL Loss:0.001118, Sum: 0.022428
Step 13000/30000  DM Loss: 0.020411 SSL Loss:0.001218, Sum: 0.021629
Step 14000/30000  DM Loss: 0.019904 SSL Loss:0.001131, Sum: 0.021035
Step 15000/30000  DM Loss: 0.018980 SSL Loss:0.001140, Sum: 0.020120
Step 16000/30000  DM Loss: 0.018533 SSL Loss:0.001119, Sum: 0.019652
Step 17000/30000  DM Loss: 0.017725 SSL Loss:0.001150, Sum: 0.018874
Step 18000/30000  DM Loss: 0.017086 SSL Loss:0.001046, Sum: 0.018132
Step 19000/30000  DM Loss: 0.016911 SSL Loss:0.000939, Sum: 0.017850
Step 20000/30000  DM Loss: 0.016865 SSL Loss:0.000880, Sum: 0.017744
Step 21000/30000  DM Loss: 0.016887 SSL Loss:0.000847, Sum: 0.017734
Step 22000/30000  DM Loss: 0.016456 SSL Loss:0.000838, Sum: 0.017293
Step 23000/30000  DM Loss: 0.016424 SSL Loss:0.000781, Sum: 0.017205
Step 24000/30000  DM Loss: 0.016141 SSL Loss:0.000792, Sum: 0.016933
Step 25000/30000  DM Loss: 0.016212 SSL Loss:0.000808, Sum: 0.017020
Step 26000/30000  DM Loss: 0.016166 SSL Loss:0.000704, Sum: 0.016871
Step 27000/30000  DM Loss: 0.016089 SSL Loss:0.000748, Sum: 0.016837
Step 28000/30000  DM Loss: 0.015537 SSL Loss:0.000678, Sum: 0.016215
Step 29000/30000  DM Loss: 0.016150 SSL Loss:0.000667, Sum: 0.016817
Step 30000/30000  DM Loss: 0.015822 SSL Loss:0.000674, Sum: 0.016497
SimpDM finished. RMSE: 0.04265336119717943
Forest diffusion finished. RMSE: 0.30737061781501107
Forest diffusion (repaint) finished. RMSE: 0.35046005727657625
Step 1000/30000  DM Loss: 0.036068 SSL Loss:0.003044, Sum: 0.039112
Step 2000/30000  DM Loss: 0.034254 SSL Loss:0.001681, Sum: 0.035935
Step 3000/30000  DM Loss: 0.033188 SSL Loss:0.001849, Sum: 0.035038
Step 4000/30000  DM Loss: 0.030599 SSL Loss:0.001883, Sum: 0.032482
Step 5000/30000  DM Loss: 0.028295 SSL Loss:0.001855, Sum: 0.030149
Step 6000/30000  DM Loss: 0.027520 SSL Loss:0.001752, Sum: 0.029272
Step 7000/30000  DM Loss: 0.026022 SSL Loss:0.001550, Sum: 0.027573
Step 8000/30000  DM Loss: 0.025533 SSL Loss:0.001542, Sum: 0.027076
Step 9000/30000  DM Loss: 0.023649 SSL Loss:0.001419, Sum: 0.025068
Step 10000/30000  DM Loss: 0.023145 SSL Loss:0.001308, Sum: 0.024453
Step 11000/30000  DM Loss: 0.022395 SSL Loss:0.001241, Sum: 0.023635
Step 12000/30000  DM Loss: 0.022471 SSL Loss:0.001353, Sum: 0.023824
Step 13000/30000  DM Loss: 0.021305 SSL Loss:0.001284, Sum: 0.022588
Step 14000/30000  DM Loss: 0.020856 SSL Loss:0.001460, Sum: 0.022316
Step 15000/30000  DM Loss: 0.019695 SSL Loss:0.001358, Sum: 0.021054
Step 16000/30000  DM Loss: 0.018860 SSL Loss:0.001252, Sum: 0.020112
Step 17000/30000  DM Loss: 0.018487 SSL Loss:0.001107, Sum: 0.019594
Step 18000/30000  DM Loss: 0.017897 SSL Loss:0.001051, Sum: 0.018949
Step 19000/30000  DM Loss: 0.017979 SSL Loss:0.000940, Sum: 0.018919
Step 20000/30000  DM Loss: 0.017942 SSL Loss:0.000928, Sum: 0.018870
Step 21000/30000  DM Loss: 0.017441 SSL Loss:0.000829, Sum: 0.018270
Step 22000/30000  DM Loss: 0.017040 SSL Loss:0.000824, Sum: 0.017864
Step 23000/30000  DM Loss: 0.016843 SSL Loss:0.000785, Sum: 0.017628
Step 24000/30000  DM Loss: 0.016989 SSL Loss:0.000784, Sum: 0.017773
Step 25000/30000  DM Loss: 0.017151 SSL Loss:0.000725, Sum: 0.017876
Step 26000/30000  DM Loss: 0.016509 SSL Loss:0.000720, Sum: 0.017229
Step 27000/30000  DM Loss: 0.016430 SSL Loss:0.000681, Sum: 0.017111
Step 28000/30000  DM Loss: 0.016713 SSL Loss:0.000668, Sum: 0.017382
Step 29000/30000  DM Loss: 0.016355 SSL Loss:0.000659, Sum: 0.017014
Step 30000/30000  DM Loss: 0.016084 SSL Loss:0.000678, Sum: 0.016762
SimpDM finished. RMSE: 0.07246003340143797
Forest diffusion finished. RMSE: 0.421202542505505
Forest diffusion (repaint) finished. RMSE: 0.43807470016754996
Step 1000/30000  DM Loss: 0.037948 SSL Loss:0.003543, Sum: 0.041491
Step 2000/30000  DM Loss: 0.034882 SSL Loss:0.001887, Sum: 0.036769
Step 3000/30000  DM Loss: 0.032354 SSL Loss:0.001853, Sum: 0.034207
Step 4000/30000  DM Loss: 0.031645 SSL Loss:0.001594, Sum: 0.033238
Step 5000/30000  DM Loss: 0.029359 SSL Loss:0.001643, Sum: 0.031001
Step 6000/30000  DM Loss: 0.028476 SSL Loss:0.001726, Sum: 0.030202
Step 7000/30000  DM Loss: 0.025964 SSL Loss:0.001616, Sum: 0.027580
Step 8000/30000  DM Loss: 0.024664 SSL Loss:0.001605, Sum: 0.026269
Step 9000/30000  DM Loss: 0.023672 SSL Loss:0.001369, Sum: 0.025041
Step 10000/30000  DM Loss: 0.023242 SSL Loss:0.001343, Sum: 0.024585
Step 11000/30000  DM Loss: 0.022344 SSL Loss:0.001211, Sum: 0.023555
Step 12000/30000  DM Loss: 0.022759 SSL Loss:0.001167, Sum: 0.023926
Step 13000/30000  DM Loss: 0.022220 SSL Loss:0.001120, Sum: 0.023340
Step 14000/30000  DM Loss: 0.021800 SSL Loss:0.000973, Sum: 0.022773
Step 15000/30000  DM Loss: 0.021754 SSL Loss:0.001054, Sum: 0.022808
Step 16000/30000  DM Loss: 0.021652 SSL Loss:0.000984, Sum: 0.022636
Step 17000/30000  DM Loss: 0.021171 SSL Loss:0.000971, Sum: 0.022142
Step 18000/30000  DM Loss: 0.020581 SSL Loss:0.000870, Sum: 0.021451
Step 19000/30000  DM Loss: 0.020861 SSL Loss:0.000940, Sum: 0.021801
Step 20000/30000  DM Loss: 0.019962 SSL Loss:0.000845, Sum: 0.020807
Step 21000/30000  DM Loss: 0.020389 SSL Loss:0.000763, Sum: 0.021152
Step 22000/30000  DM Loss: 0.020124 SSL Loss:0.000817, Sum: 0.020941
Step 23000/30000  DM Loss: 0.019735 SSL Loss:0.000753, Sum: 0.020488
Step 24000/30000  DM Loss: 0.019757 SSL Loss:0.000761, Sum: 0.020518
Step 25000/30000  DM Loss: 0.020220 SSL Loss:0.000815, Sum: 0.021034
Step 26000/30000  DM Loss: 0.020168 SSL Loss:0.000745, Sum: 0.020913
Step 27000/30000  DM Loss: 0.019433 SSL Loss:0.000655, Sum: 0.020088
Step 28000/30000  DM Loss: 0.019284 SSL Loss:0.000664, Sum: 0.019948
Step 29000/30000  DM Loss: 0.019701 SSL Loss:0.000683, Sum: 0.020384
Step 30000/30000  DM Loss: 0.019354 SSL Loss:0.000635, Sum: 0.019990
SimpDM finished. RMSE: 0.11249284106160236
Forest diffusion finished. RMSE: 0.3289415526407013
Forest diffusion (repaint) finished. RMSE: 0.36477310642571004
rmse: 0.0832+-0.0283
fd_rmse: 0.4113+-0.0738
fd_rmse_repaint: 0.4147+-0.0422
