nohup: ignoring input
Step 1000/30000  DM Loss: 0.037867 SSL Loss:0.002301, Sum: 0.040168
Step 2000/30000  DM Loss: 0.028391 SSL Loss:0.001361, Sum: 0.029753
Step 3000/30000  DM Loss: 0.025710 SSL Loss:0.000974, Sum: 0.026684
Step 4000/30000  DM Loss: 0.024029 SSL Loss:0.000962, Sum: 0.024991
Step 5000/30000  DM Loss: 0.021410 SSL Loss:0.000889, Sum: 0.022299
Step 6000/30000  DM Loss: 0.020782 SSL Loss:0.000734, Sum: 0.021516
Step 7000/30000  DM Loss: 0.020427 SSL Loss:0.000655, Sum: 0.021082
Step 8000/30000  DM Loss: 0.020134 SSL Loss:0.000616, Sum: 0.020750
Step 9000/30000  DM Loss: 0.020027 SSL Loss:0.000579, Sum: 0.020606
Step 10000/30000  DM Loss: 0.019829 SSL Loss:0.000571, Sum: 0.020400
Step 11000/30000  DM Loss: 0.019625 SSL Loss:0.000549, Sum: 0.020175
Step 12000/30000  DM Loss: 0.019516 SSL Loss:0.000529, Sum: 0.020045
Step 13000/30000  DM Loss: 0.019440 SSL Loss:0.000533, Sum: 0.019973
Step 14000/30000  DM Loss: 0.019370 SSL Loss:0.000544, Sum: 0.019913
Step 15000/30000  DM Loss: 0.019195 SSL Loss:0.000559, Sum: 0.019754
Step 16000/30000  DM Loss: 0.019020 SSL Loss:0.000570, Sum: 0.019590
Step 17000/30000  DM Loss: 0.018683 SSL Loss:0.000556, Sum: 0.019239
Step 18000/30000  DM Loss: 0.018285 SSL Loss:0.000547, Sum: 0.018832
Step 19000/30000  DM Loss: 0.018049 SSL Loss:0.000508, Sum: 0.018557
Step 20000/30000  DM Loss: 0.017821 SSL Loss:0.000472, Sum: 0.018293
Step 21000/30000  DM Loss: 0.017768 SSL Loss:0.000457, Sum: 0.018225
Step 22000/30000  DM Loss: 0.017717 SSL Loss:0.000449, Sum: 0.018167
Step 23000/30000  DM Loss: 0.017490 SSL Loss:0.000430, Sum: 0.017920
Step 24000/30000  DM Loss: 0.017542 SSL Loss:0.000430, Sum: 0.017972
Step 25000/30000  DM Loss: 0.017513 SSL Loss:0.000421, Sum: 0.017934
Step 26000/30000  DM Loss: 0.017524 SSL Loss:0.000411, Sum: 0.017935
Step 27000/30000  DM Loss: 0.017449 SSL Loss:0.000415, Sum: 0.017865
Step 28000/30000  DM Loss: 0.017385 SSL Loss:0.000405, Sum: 0.017791
Step 29000/30000  DM Loss: 0.017338 SSL Loss:0.000399, Sum: 0.017737
Step 30000/30000  DM Loss: 0.017251 SSL Loss:0.000395, Sum: 0.017646
SimpDM finished. RMSE on model subspace: 0.05695163621444612
RMSE on original scale: 3686.5321499510346
Step 1000/30000  DM Loss: 0.034529 SSL Loss:0.001351, Sum: 0.035880
Step 2000/30000  DM Loss: 0.029991 SSL Loss:0.001064, Sum: 0.031055
Step 3000/30000  DM Loss: 0.027824 SSL Loss:0.000974, Sum: 0.028798
Step 4000/30000  DM Loss: 0.026588 SSL Loss:0.000817, Sum: 0.027405
Step 5000/30000  DM Loss: 0.025948 SSL Loss:0.000789, Sum: 0.026737
Step 6000/30000  DM Loss: 0.024511 SSL Loss:0.000894, Sum: 0.025405
Step 7000/30000  DM Loss: 0.021515 SSL Loss:0.000935, Sum: 0.022450
Step 8000/30000  DM Loss: 0.020428 SSL Loss:0.000834, Sum: 0.021262
Step 9000/30000  DM Loss: 0.019373 SSL Loss:0.000761, Sum: 0.020133
Step 10000/30000  DM Loss: 0.018371 SSL Loss:0.000703, Sum: 0.019073
Step 11000/30000  DM Loss: 0.018016 SSL Loss:0.000633, Sum: 0.018649
Step 12000/30000  DM Loss: 0.017358 SSL Loss:0.000576, Sum: 0.017934
Step 13000/30000  DM Loss: 0.017233 SSL Loss:0.000526, Sum: 0.017758
Step 14000/30000  DM Loss: 0.017158 SSL Loss:0.000490, Sum: 0.017648
Step 15000/30000  DM Loss: 0.017025 SSL Loss:0.000465, Sum: 0.017491
Step 16000/30000  DM Loss: 0.016896 SSL Loss:0.000436, Sum: 0.017332
Step 17000/30000  DM Loss: 0.016756 SSL Loss:0.000426, Sum: 0.017182
Step 18000/30000  DM Loss: 0.016633 SSL Loss:0.000407, Sum: 0.017040
Step 19000/30000  DM Loss: 0.016624 SSL Loss:0.000400, Sum: 0.017025
Step 20000/30000  DM Loss: 0.016521 SSL Loss:0.000393, Sum: 0.016914
Step 21000/30000  DM Loss: 0.016503 SSL Loss:0.000379, Sum: 0.016882
Step 22000/30000  DM Loss: 0.016280 SSL Loss:0.000368, Sum: 0.016648
Step 23000/30000  DM Loss: 0.016254 SSL Loss:0.000364, Sum: 0.016617
Step 24000/30000  DM Loss: 0.016234 SSL Loss:0.000360, Sum: 0.016594
Step 25000/30000  DM Loss: 0.016123 SSL Loss:0.000360, Sum: 0.016483
Step 26000/30000  DM Loss: 0.016122 SSL Loss:0.000356, Sum: 0.016479
Step 27000/30000  DM Loss: 0.015995 SSL Loss:0.000348, Sum: 0.016343
Step 28000/30000  DM Loss: 0.015991 SSL Loss:0.000347, Sum: 0.016338
Step 29000/30000  DM Loss: 0.015976 SSL Loss:0.000343, Sum: 0.016319
Step 30000/30000  DM Loss: 0.015869 SSL Loss:0.000340, Sum: 0.016209
SimpDM finished. RMSE on model subspace: 0.07149695296292566
RMSE on original scale: 266530.39243783033
Step 1000/30000  DM Loss: 0.033422 SSL Loss:0.001762, Sum: 0.035185
Step 2000/30000  DM Loss: 0.029104 SSL Loss:0.001232, Sum: 0.030337
Step 3000/30000  DM Loss: 0.026875 SSL Loss:0.001026, Sum: 0.027901
Step 4000/30000  DM Loss: 0.025326 SSL Loss:0.000909, Sum: 0.026236
Step 5000/30000  DM Loss: 0.024342 SSL Loss:0.000830, Sum: 0.025172
Step 6000/30000  DM Loss: 0.023623 SSL Loss:0.000790, Sum: 0.024414
Step 7000/30000  DM Loss: 0.022770 SSL Loss:0.000851, Sum: 0.023621
Step 8000/30000  DM Loss: 0.020470 SSL Loss:0.000912, Sum: 0.021382
Step 9000/30000  DM Loss: 0.019617 SSL Loss:0.000736, Sum: 0.020353
Step 10000/30000  DM Loss: 0.019239 SSL Loss:0.000642, Sum: 0.019880
Step 11000/30000  DM Loss: 0.018922 SSL Loss:0.000587, Sum: 0.019509
Step 12000/30000  DM Loss: 0.018641 SSL Loss:0.000570, Sum: 0.019211
Step 13000/30000  DM Loss: 0.018523 SSL Loss:0.000554, Sum: 0.019076
Step 14000/30000  DM Loss: 0.018633 SSL Loss:0.000526, Sum: 0.019159
Step 15000/30000  DM Loss: 0.018284 SSL Loss:0.000518, Sum: 0.018802
Step 16000/30000  DM Loss: 0.018362 SSL Loss:0.000501, Sum: 0.018863
Step 17000/30000  DM Loss: 0.018219 SSL Loss:0.000493, Sum: 0.018712
Step 18000/30000  DM Loss: 0.018134 SSL Loss:0.000494, Sum: 0.018628
Step 19000/30000  DM Loss: 0.018010 SSL Loss:0.000480, Sum: 0.018490
Step 20000/30000  DM Loss: 0.017985 SSL Loss:0.000469, Sum: 0.018454
Step 21000/30000  DM Loss: 0.017801 SSL Loss:0.000483, Sum: 0.018284
Step 22000/30000  DM Loss: 0.017776 SSL Loss:0.000469, Sum: 0.018245
Step 23000/30000  DM Loss: 0.017509 SSL Loss:0.000469, Sum: 0.017978
Step 24000/30000  DM Loss: 0.017473 SSL Loss:0.000458, Sum: 0.017931
Step 25000/30000  DM Loss: 0.017425 SSL Loss:0.000460, Sum: 0.017885
Step 26000/30000  DM Loss: 0.017321 SSL Loss:0.000450, Sum: 0.017771
Step 27000/30000  DM Loss: 0.017382 SSL Loss:0.000450, Sum: 0.017833
Step 28000/30000  DM Loss: 0.017198 SSL Loss:0.000442, Sum: 0.017640
Step 29000/30000  DM Loss: 0.017080 SSL Loss:0.000442, Sum: 0.017521
Step 30000/30000  DM Loss: 0.017119 SSL Loss:0.000432, Sum: 0.017550
SimpDM finished. RMSE on model subspace: 0.07695038998794265
RMSE on original scale: 466126817.1187823
Step 1000/30000  DM Loss: 0.034176 SSL Loss:0.001634, Sum: 0.035810
Step 2000/30000  DM Loss: 0.031089 SSL Loss:0.001070, Sum: 0.032159
Step 3000/30000  DM Loss: 0.028956 SSL Loss:0.000962, Sum: 0.029918
Step 4000/30000  DM Loss: 0.027803 SSL Loss:0.000921, Sum: 0.028724
Step 5000/30000  DM Loss: 0.027111 SSL Loss:0.000915, Sum: 0.028026
Step 6000/30000  DM Loss: 0.026160 SSL Loss:0.001037, Sum: 0.027197
Step 7000/30000  DM Loss: 0.024207 SSL Loss:0.001150, Sum: 0.025357
Step 8000/30000  DM Loss: 0.023031 SSL Loss:0.000986, Sum: 0.024017
Step 9000/30000  DM Loss: 0.022097 SSL Loss:0.000977, Sum: 0.023074
Step 10000/30000  DM Loss: 0.020525 SSL Loss:0.000918, Sum: 0.021442
Step 11000/30000  DM Loss: 0.019047 SSL Loss:0.000820, Sum: 0.019866
Step 12000/30000  DM Loss: 0.018165 SSL Loss:0.000717, Sum: 0.018882
Step 13000/30000  DM Loss: 0.017707 SSL Loss:0.000656, Sum: 0.018363
Step 14000/30000  DM Loss: 0.017334 SSL Loss:0.000579, Sum: 0.017913
Step 15000/30000  DM Loss: 0.017311 SSL Loss:0.000552, Sum: 0.017863
Step 16000/30000  DM Loss: 0.016920 SSL Loss:0.000511, Sum: 0.017431
Step 17000/30000  DM Loss: 0.016890 SSL Loss:0.000484, Sum: 0.017374
Step 18000/30000  DM Loss: 0.016700 SSL Loss:0.000467, Sum: 0.017167
Step 19000/30000  DM Loss: 0.016600 SSL Loss:0.000441, Sum: 0.017040
Step 20000/30000  DM Loss: 0.016587 SSL Loss:0.000437, Sum: 0.017024
Step 21000/30000  DM Loss: 0.016397 SSL Loss:0.000417, Sum: 0.016815
Step 22000/30000  DM Loss: 0.016439 SSL Loss:0.000417, Sum: 0.016856
Step 23000/30000  DM Loss: 0.016368 SSL Loss:0.000402, Sum: 0.016771
Step 24000/30000  DM Loss: 0.016317 SSL Loss:0.000392, Sum: 0.016710
Step 25000/30000  DM Loss: 0.016242 SSL Loss:0.000374, Sum: 0.016616
Step 26000/30000  DM Loss: 0.016217 SSL Loss:0.000370, Sum: 0.016587
Step 27000/30000  DM Loss: 0.016103 SSL Loss:0.000365, Sum: 0.016468
Step 28000/30000  DM Loss: 0.016048 SSL Loss:0.000369, Sum: 0.016417
Step 29000/30000  DM Loss: 0.016077 SSL Loss:0.000354, Sum: 0.016431
Step 30000/30000  DM Loss: 0.015978 SSL Loss:0.000347, Sum: 0.016325
SimpDM finished. RMSE on model subspace: 0.0856937552704678
RMSE on original scale: 464614046.2951541
Step 1000/30000  DM Loss: 0.034413 SSL Loss:0.001796, Sum: 0.036209
Step 2000/30000  DM Loss: 0.029054 SSL Loss:0.001266, Sum: 0.030321
Step 3000/30000  DM Loss: 0.026290 SSL Loss:0.001041, Sum: 0.027332
Step 4000/30000  DM Loss: 0.024970 SSL Loss:0.000986, Sum: 0.025956
Step 5000/30000  DM Loss: 0.023553 SSL Loss:0.000928, Sum: 0.024481
Step 6000/30000  DM Loss: 0.022749 SSL Loss:0.000887, Sum: 0.023636
Step 7000/30000  DM Loss: 0.021259 SSL Loss:0.000975, Sum: 0.022234
Step 8000/30000  DM Loss: 0.019230 SSL Loss:0.000903, Sum: 0.020134
Step 9000/30000  DM Loss: 0.018616 SSL Loss:0.000763, Sum: 0.019379
Step 10000/30000  DM Loss: 0.018183 SSL Loss:0.000692, Sum: 0.018876
Step 11000/30000  DM Loss: 0.018103 SSL Loss:0.000650, Sum: 0.018753
Step 12000/30000  DM Loss: 0.017897 SSL Loss:0.000616, Sum: 0.018513
Step 13000/30000  DM Loss: 0.017802 SSL Loss:0.000575, Sum: 0.018377
Step 14000/30000  DM Loss: 0.017538 SSL Loss:0.000551, Sum: 0.018089
Step 15000/30000  DM Loss: 0.017481 SSL Loss:0.000535, Sum: 0.018016
Step 16000/30000  DM Loss: 0.017291 SSL Loss:0.000514, Sum: 0.017806
Step 17000/30000  DM Loss: 0.017183 SSL Loss:0.000511, Sum: 0.017694
Step 18000/30000  DM Loss: 0.016899 SSL Loss:0.000494, Sum: 0.017393
Step 19000/30000  DM Loss: 0.016812 SSL Loss:0.000482, Sum: 0.017295
Step 20000/30000  DM Loss: 0.016725 SSL Loss:0.000469, Sum: 0.017194
Step 21000/30000  DM Loss: 0.016568 SSL Loss:0.000459, Sum: 0.017028
Step 22000/30000  DM Loss: 0.016512 SSL Loss:0.000461, Sum: 0.016973
Step 23000/30000  DM Loss: 0.016459 SSL Loss:0.000451, Sum: 0.016910
Step 24000/30000  DM Loss: 0.016363 SSL Loss:0.000450, Sum: 0.016812
Step 25000/30000  DM Loss: 0.016361 SSL Loss:0.000450, Sum: 0.016811
Step 26000/30000  DM Loss: 0.016195 SSL Loss:0.000441, Sum: 0.016635
Step 27000/30000  DM Loss: 0.016259 SSL Loss:0.000443, Sum: 0.016702
Step 28000/30000  DM Loss: 0.016109 SSL Loss:0.000435, Sum: 0.016544
Step 29000/30000  DM Loss: 0.016040 SSL Loss:0.000423, Sum: 0.016463
Step 30000/30000  DM Loss: 0.016036 SSL Loss:0.000426, Sum: 0.016462
SimpDM finished. RMSE on model subspace: 0.06720427009410346
RMSE on original scale: 26803856.30948109
rmse: 0.0717+-0.0084
rmse_unreg: 191562987.3296+-196147747.4598
