nohup: ignoring input
Step 1000/30000  DM Loss: 0.032455 SSL Loss:0.001682, Sum: 0.034138
Step 2000/30000  DM Loss: 0.027135 SSL Loss:0.001015, Sum: 0.028150
Step 3000/30000  DM Loss: 0.024865 SSL Loss:0.000891, Sum: 0.025756
Step 4000/30000  DM Loss: 0.023406 SSL Loss:0.000783, Sum: 0.024189
Step 5000/30000  DM Loss: 0.022759 SSL Loss:0.000678, Sum: 0.023437
Step 6000/30000  DM Loss: 0.021918 SSL Loss:0.000717, Sum: 0.022635
Step 7000/30000  DM Loss: 0.019403 SSL Loss:0.000743, Sum: 0.020147
Step 8000/30000  DM Loss: 0.018732 SSL Loss:0.000618, Sum: 0.019350
Step 9000/30000  DM Loss: 0.018600 SSL Loss:0.000560, Sum: 0.019160
Step 10000/30000  DM Loss: 0.018385 SSL Loss:0.000511, Sum: 0.018896
Step 11000/30000  DM Loss: 0.018225 SSL Loss:0.000492, Sum: 0.018717
Step 12000/30000  DM Loss: 0.018139 SSL Loss:0.000467, Sum: 0.018606
Step 13000/30000  DM Loss: 0.018127 SSL Loss:0.000462, Sum: 0.018589
Step 14000/30000  DM Loss: 0.018037 SSL Loss:0.000453, Sum: 0.018490
Step 15000/30000  DM Loss: 0.017941 SSL Loss:0.000449, Sum: 0.018391
Step 16000/30000  DM Loss: 0.017799 SSL Loss:0.000444, Sum: 0.018243
Step 17000/30000  DM Loss: 0.017856 SSL Loss:0.000444, Sum: 0.018299
Step 18000/30000  DM Loss: 0.017618 SSL Loss:0.000434, Sum: 0.018052
Step 19000/30000  DM Loss: 0.017668 SSL Loss:0.000433, Sum: 0.018101
Step 20000/30000  DM Loss: 0.017543 SSL Loss:0.000427, Sum: 0.017970
Step 21000/30000  DM Loss: 0.017543 SSL Loss:0.000412, Sum: 0.017955
Step 22000/30000  DM Loss: 0.017468 SSL Loss:0.000409, Sum: 0.017877
Step 23000/30000  DM Loss: 0.017317 SSL Loss:0.000393, Sum: 0.017710
Step 24000/30000  DM Loss: 0.017309 SSL Loss:0.000392, Sum: 0.017701
Step 25000/30000  DM Loss: 0.017306 SSL Loss:0.000387, Sum: 0.017693
Step 26000/30000  DM Loss: 0.017220 SSL Loss:0.000384, Sum: 0.017604
Step 27000/30000  DM Loss: 0.017222 SSL Loss:0.000381, Sum: 0.017603
Step 28000/30000  DM Loss: 0.017158 SSL Loss:0.000376, Sum: 0.017534
Step 29000/30000  DM Loss: 0.017125 SSL Loss:0.000372, Sum: 0.017497
Step 30000/30000  DM Loss: 0.017081 SSL Loss:0.000370, Sum: 0.017452
SimpDM finished. RMSE on model subspace: 0.08157341913529273
RMSE on original scale: 464847922.0792709
Step 1000/30000  DM Loss: 0.034171 SSL Loss:0.001714, Sum: 0.035885
Step 2000/30000  DM Loss: 0.028248 SSL Loss:0.001310, Sum: 0.029558
Step 3000/30000  DM Loss: 0.026033 SSL Loss:0.001039, Sum: 0.027072
Step 4000/30000  DM Loss: 0.024431 SSL Loss:0.000948, Sum: 0.025378
Step 5000/30000  DM Loss: 0.023389 SSL Loss:0.000912, Sum: 0.024301
Step 6000/30000  DM Loss: 0.022672 SSL Loss:0.000907, Sum: 0.023580
Step 7000/30000  DM Loss: 0.020832 SSL Loss:0.000998, Sum: 0.021831
Step 8000/30000  DM Loss: 0.019684 SSL Loss:0.000887, Sum: 0.020571
Step 9000/30000  DM Loss: 0.019142 SSL Loss:0.000789, Sum: 0.019931
Step 10000/30000  DM Loss: 0.018738 SSL Loss:0.000733, Sum: 0.019471
Step 11000/30000  DM Loss: 0.018397 SSL Loss:0.000706, Sum: 0.019102
Step 12000/30000  DM Loss: 0.017862 SSL Loss:0.000710, Sum: 0.018572
Step 13000/30000  DM Loss: 0.017556 SSL Loss:0.000691, Sum: 0.018247
Step 14000/30000  DM Loss: 0.017319 SSL Loss:0.000659, Sum: 0.017978
Step 15000/30000  DM Loss: 0.017083 SSL Loss:0.000624, Sum: 0.017706
Step 16000/30000  DM Loss: 0.016903 SSL Loss:0.000592, Sum: 0.017494
Step 17000/30000  DM Loss: 0.016707 SSL Loss:0.000578, Sum: 0.017284
Step 18000/30000  DM Loss: 0.016624 SSL Loss:0.000555, Sum: 0.017179
Step 19000/30000  DM Loss: 0.016610 SSL Loss:0.000546, Sum: 0.017156
Step 20000/30000  DM Loss: 0.016430 SSL Loss:0.000544, Sum: 0.016974
Step 21000/30000  DM Loss: 0.016430 SSL Loss:0.000531, Sum: 0.016961
Step 22000/30000  DM Loss: 0.016199 SSL Loss:0.000515, Sum: 0.016714
Step 23000/30000  DM Loss: 0.016133 SSL Loss:0.000510, Sum: 0.016643
Step 24000/30000  DM Loss: 0.016081 SSL Loss:0.000508, Sum: 0.016589
Step 25000/30000  DM Loss: 0.015986 SSL Loss:0.000495, Sum: 0.016481
Step 26000/30000  DM Loss: 0.016016 SSL Loss:0.000489, Sum: 0.016505
Step 27000/30000  DM Loss: 0.015925 SSL Loss:0.000485, Sum: 0.016410
Step 28000/30000  DM Loss: 0.015891 SSL Loss:0.000475, Sum: 0.016366
Step 29000/30000  DM Loss: 0.015876 SSL Loss:0.000475, Sum: 0.016351
Step 30000/30000  DM Loss: 0.015826 SSL Loss:0.000462, Sum: 0.016287
SimpDM finished. RMSE on model subspace: 0.07732295096984233
RMSE on original scale: 465400571.8378285
Step 1000/30000  DM Loss: 0.033766 SSL Loss:0.001630, Sum: 0.035397
Step 2000/30000  DM Loss: 0.028233 SSL Loss:0.001242, Sum: 0.029475
Step 3000/30000  DM Loss: 0.025347 SSL Loss:0.001085, Sum: 0.026431
Step 4000/30000  DM Loss: 0.020206 SSL Loss:0.001172, Sum: 0.021378
Step 5000/30000  DM Loss: 0.018731 SSL Loss:0.000864, Sum: 0.019595
Step 6000/30000  DM Loss: 0.018065 SSL Loss:0.000732, Sum: 0.018796
Step 7000/30000  DM Loss: 0.017764 SSL Loss:0.000649, Sum: 0.018413
Step 8000/30000  DM Loss: 0.017518 SSL Loss:0.000582, Sum: 0.018100
Step 9000/30000  DM Loss: 0.017481 SSL Loss:0.000544, Sum: 0.018025
Step 10000/30000  DM Loss: 0.017190 SSL Loss:0.000515, Sum: 0.017706
Step 11000/30000  DM Loss: 0.017142 SSL Loss:0.000486, Sum: 0.017627
Step 12000/30000  DM Loss: 0.016881 SSL Loss:0.000479, Sum: 0.017360
Step 13000/30000  DM Loss: 0.016846 SSL Loss:0.000456, Sum: 0.017303
Step 14000/30000  DM Loss: 0.016883 SSL Loss:0.000449, Sum: 0.017333
Step 15000/30000  DM Loss: 0.016670 SSL Loss:0.000452, Sum: 0.017122
Step 16000/30000  DM Loss: 0.016776 SSL Loss:0.000438, Sum: 0.017214
Step 17000/30000  DM Loss: 0.016549 SSL Loss:0.000430, Sum: 0.016979
Step 18000/30000  DM Loss: 0.016583 SSL Loss:0.000434, Sum: 0.017018
Step 19000/30000  DM Loss: 0.016504 SSL Loss:0.000419, Sum: 0.016924
Step 20000/30000  DM Loss: 0.016468 SSL Loss:0.000413, Sum: 0.016881
Step 21000/30000  DM Loss: 0.016383 SSL Loss:0.000414, Sum: 0.016797
Step 22000/30000  DM Loss: 0.016250 SSL Loss:0.000408, Sum: 0.016658
Step 23000/30000  DM Loss: 0.016147 SSL Loss:0.000409, Sum: 0.016555
Step 24000/30000  DM Loss: 0.016205 SSL Loss:0.000403, Sum: 0.016609
Step 25000/30000  DM Loss: 0.016218 SSL Loss:0.000406, Sum: 0.016625
Step 26000/30000  DM Loss: 0.016087 SSL Loss:0.000398, Sum: 0.016485
Step 27000/30000  DM Loss: 0.016169 SSL Loss:0.000401, Sum: 0.016571
Step 28000/30000  DM Loss: 0.016087 SSL Loss:0.000391, Sum: 0.016478
Step 29000/30000  DM Loss: 0.015996 SSL Loss:0.000385, Sum: 0.016381
Step 30000/30000  DM Loss: 0.016011 SSL Loss:0.000378, Sum: 0.016390
SimpDM finished. RMSE on model subspace: 0.10136820889701899
RMSE on original scale: 657818672.5435294
Step 1000/30000  DM Loss: 0.033817 SSL Loss:0.001823, Sum: 0.035640
Step 2000/30000  DM Loss: 0.029240 SSL Loss:0.001328, Sum: 0.030568
Step 3000/30000  DM Loss: 0.026536 SSL Loss:0.001184, Sum: 0.027720
Step 4000/30000  DM Loss: 0.024637 SSL Loss:0.001121, Sum: 0.025758
Step 5000/30000  DM Loss: 0.021055 SSL Loss:0.001193, Sum: 0.022248
Step 6000/30000  DM Loss: 0.019640 SSL Loss:0.000842, Sum: 0.020483
Step 7000/30000  DM Loss: 0.018653 SSL Loss:0.000705, Sum: 0.019359
Step 8000/30000  DM Loss: 0.018087 SSL Loss:0.000614, Sum: 0.018701
Step 9000/30000  DM Loss: 0.017880 SSL Loss:0.000563, Sum: 0.018443
Step 10000/30000  DM Loss: 0.017586 SSL Loss:0.000504, Sum: 0.018090
Step 11000/30000  DM Loss: 0.017467 SSL Loss:0.000489, Sum: 0.017956
Step 12000/30000  DM Loss: 0.017323 SSL Loss:0.000455, Sum: 0.017778
Step 13000/30000  DM Loss: 0.017217 SSL Loss:0.000455, Sum: 0.017672
Step 14000/30000  DM Loss: 0.017098 SSL Loss:0.000432, Sum: 0.017529
Step 15000/30000  DM Loss: 0.017066 SSL Loss:0.000431, Sum: 0.017496
Step 16000/30000  DM Loss: 0.016919 SSL Loss:0.000422, Sum: 0.017341
Step 17000/30000  DM Loss: 0.016933 SSL Loss:0.000402, Sum: 0.017334
Step 18000/30000  DM Loss: 0.016872 SSL Loss:0.000407, Sum: 0.017279
Step 19000/30000  DM Loss: 0.016750 SSL Loss:0.000398, Sum: 0.017148
Step 20000/30000  DM Loss: 0.016634 SSL Loss:0.000390, Sum: 0.017023
Step 21000/30000  DM Loss: 0.016564 SSL Loss:0.000396, Sum: 0.016960
Step 22000/30000  DM Loss: 0.016629 SSL Loss:0.000387, Sum: 0.017016
Step 23000/30000  DM Loss: 0.016589 SSL Loss:0.000372, Sum: 0.016961
Step 24000/30000  DM Loss: 0.016519 SSL Loss:0.000371, Sum: 0.016891
Step 25000/30000  DM Loss: 0.016510 SSL Loss:0.000363, Sum: 0.016873
Step 26000/30000  DM Loss: 0.016455 SSL Loss:0.000357, Sum: 0.016811
Step 27000/30000  DM Loss: 0.016400 SSL Loss:0.000361, Sum: 0.016761
Step 28000/30000  DM Loss: 0.016360 SSL Loss:0.000356, Sum: 0.016715
Step 29000/30000  DM Loss: 0.016384 SSL Loss:0.000347, Sum: 0.016732
Step 30000/30000  DM Loss: 0.016332 SSL Loss:0.000344, Sum: 0.016676
SimpDM finished. RMSE on model subspace: 0.06322900219322476
RMSE on original scale: 268908.32026450057
Step 1000/30000  DM Loss: 0.032772 SSL Loss:0.001620, Sum: 0.034392
Step 2000/30000  DM Loss: 0.028111 SSL Loss:0.001216, Sum: 0.029328
Step 3000/30000  DM Loss: 0.025637 SSL Loss:0.001022, Sum: 0.026659
Step 4000/30000  DM Loss: 0.024032 SSL Loss:0.000963, Sum: 0.024995
Step 5000/30000  DM Loss: 0.022971 SSL Loss:0.000855, Sum: 0.023826
Step 6000/30000  DM Loss: 0.022468 SSL Loss:0.000809, Sum: 0.023278
Step 7000/30000  DM Loss: 0.021591 SSL Loss:0.000906, Sum: 0.022497
Step 8000/30000  DM Loss: 0.019927 SSL Loss:0.000997, Sum: 0.020924
Step 9000/30000  DM Loss: 0.018953 SSL Loss:0.000776, Sum: 0.019728
Step 10000/30000  DM Loss: 0.018498 SSL Loss:0.000692, Sum: 0.019190
Step 11000/30000  DM Loss: 0.018066 SSL Loss:0.000617, Sum: 0.018683
Step 12000/30000  DM Loss: 0.017795 SSL Loss:0.000556, Sum: 0.018351
Step 13000/30000  DM Loss: 0.017683 SSL Loss:0.000509, Sum: 0.018192
Step 14000/30000  DM Loss: 0.017459 SSL Loss:0.000480, Sum: 0.017940
Step 15000/30000  DM Loss: 0.017436 SSL Loss:0.000470, Sum: 0.017906
Step 16000/30000  DM Loss: 0.017331 SSL Loss:0.000453, Sum: 0.017784
Step 17000/30000  DM Loss: 0.017260 SSL Loss:0.000435, Sum: 0.017695
Step 18000/30000  DM Loss: 0.017076 SSL Loss:0.000433, Sum: 0.017509
Step 19000/30000  DM Loss: 0.017073 SSL Loss:0.000416, Sum: 0.017489
Step 20000/30000  DM Loss: 0.017096 SSL Loss:0.000408, Sum: 0.017505
Step 21000/30000  DM Loss: 0.016914 SSL Loss:0.000400, Sum: 0.017314
Step 22000/30000  DM Loss: 0.016904 SSL Loss:0.000389, Sum: 0.017294
Step 23000/30000  DM Loss: 0.016889 SSL Loss:0.000386, Sum: 0.017275
Step 24000/30000  DM Loss: 0.016841 SSL Loss:0.000379, Sum: 0.017220
Step 25000/30000  DM Loss: 0.016826 SSL Loss:0.000372, Sum: 0.017198
Step 26000/30000  DM Loss: 0.016739 SSL Loss:0.000368, Sum: 0.017107
Step 27000/30000  DM Loss: 0.016808 SSL Loss:0.000364, Sum: 0.017172
Step 28000/30000  DM Loss: 0.016656 SSL Loss:0.000354, Sum: 0.017010
Step 29000/30000  DM Loss: 0.016620 SSL Loss:0.000361, Sum: 0.016981
Step 30000/30000  DM Loss: 0.016634 SSL Loss:0.000358, Sum: 0.016991
SimpDM finished. RMSE on model subspace: 0.0792021483158136
RMSE on original scale: 465590333.7288392
rmse: 0.0805+-0.0107
rmse_unreg: 410785281.7019+-191422226.4283
