nohup: ignoring input
Step 1000/30000  DM Loss: 0.032976 SSL Loss:0.001885, Sum: 0.034861
Step 2000/30000  DM Loss: 0.026592 SSL Loss:0.001320, Sum: 0.027912
Step 3000/30000  DM Loss: 0.024247 SSL Loss:0.001116, Sum: 0.025363
Step 4000/30000  DM Loss: 0.022364 SSL Loss:0.000983, Sum: 0.023347
Step 5000/30000  DM Loss: 0.021268 SSL Loss:0.000982, Sum: 0.022251
Step 6000/30000  DM Loss: 0.018590 SSL Loss:0.001057, Sum: 0.019647
Step 7000/30000  DM Loss: 0.017814 SSL Loss:0.000754, Sum: 0.018568
Step 8000/30000  DM Loss: 0.017279 SSL Loss:0.000595, Sum: 0.017874
Step 9000/30000  DM Loss: 0.017127 SSL Loss:0.000544, Sum: 0.017670
Step 10000/30000  DM Loss: 0.016944 SSL Loss:0.000519, Sum: 0.017463
Step 11000/30000  DM Loss: 0.016689 SSL Loss:0.000467, Sum: 0.017157
Step 12000/30000  DM Loss: 0.016601 SSL Loss:0.000451, Sum: 0.017052
Step 13000/30000  DM Loss: 0.016611 SSL Loss:0.000436, Sum: 0.017047
Step 14000/30000  DM Loss: 0.016556 SSL Loss:0.000428, Sum: 0.016984
Step 15000/30000  DM Loss: 0.016467 SSL Loss:0.000432, Sum: 0.016899
Step 16000/30000  DM Loss: 0.016327 SSL Loss:0.000406, Sum: 0.016733
Step 17000/30000  DM Loss: 0.016292 SSL Loss:0.000399, Sum: 0.016691
Step 18000/30000  DM Loss: 0.016098 SSL Loss:0.000387, Sum: 0.016485
Step 19000/30000  DM Loss: 0.016103 SSL Loss:0.000398, Sum: 0.016501
Step 20000/30000  DM Loss: 0.016012 SSL Loss:0.000389, Sum: 0.016401
Step 21000/30000  DM Loss: 0.016033 SSL Loss:0.000384, Sum: 0.016416
Step 22000/30000  DM Loss: 0.015951 SSL Loss:0.000378, Sum: 0.016329
Step 23000/30000  DM Loss: 0.015809 SSL Loss:0.000372, Sum: 0.016181
Step 24000/30000  DM Loss: 0.015824 SSL Loss:0.000372, Sum: 0.016196
Step 25000/30000  DM Loss: 0.015802 SSL Loss:0.000367, Sum: 0.016169
Step 26000/30000  DM Loss: 0.015757 SSL Loss:0.000359, Sum: 0.016116
Step 27000/30000  DM Loss: 0.015747 SSL Loss:0.000359, Sum: 0.016106
Step 28000/30000  DM Loss: 0.015679 SSL Loss:0.000348, Sum: 0.016027
Step 29000/30000  DM Loss: 0.015617 SSL Loss:0.000348, Sum: 0.015965
Step 30000/30000  DM Loss: 0.015550 SSL Loss:0.000341, Sum: 0.015891
SimpDM finished. RMSE on model subspace: 0.07567947768549678
RMSE on original scale: 1869.3446522814809
Step 1000/30000  DM Loss: 0.033115 SSL Loss:0.001712, Sum: 0.034827
Step 2000/30000  DM Loss: 0.027318 SSL Loss:0.001189, Sum: 0.028507
Step 3000/30000  DM Loss: 0.025120 SSL Loss:0.000886, Sum: 0.026006
Step 4000/30000  DM Loss: 0.023379 SSL Loss:0.000878, Sum: 0.024257
Step 5000/30000  DM Loss: 0.022202 SSL Loss:0.000805, Sum: 0.023007
Step 6000/30000  DM Loss: 0.021703 SSL Loss:0.000734, Sum: 0.022437
Step 7000/30000  DM Loss: 0.020992 SSL Loss:0.000769, Sum: 0.021761
Step 8000/30000  DM Loss: 0.017996 SSL Loss:0.000768, Sum: 0.018764
Step 9000/30000  DM Loss: 0.017304 SSL Loss:0.000572, Sum: 0.017876
Step 10000/30000  DM Loss: 0.017084 SSL Loss:0.000504, Sum: 0.017588
Step 11000/30000  DM Loss: 0.017010 SSL Loss:0.000468, Sum: 0.017478
Step 12000/30000  DM Loss: 0.016817 SSL Loss:0.000443, Sum: 0.017259
Step 13000/30000  DM Loss: 0.016787 SSL Loss:0.000426, Sum: 0.017213
Step 14000/30000  DM Loss: 0.016771 SSL Loss:0.000419, Sum: 0.017191
Step 15000/30000  DM Loss: 0.016680 SSL Loss:0.000402, Sum: 0.017082
Step 16000/30000  DM Loss: 0.016606 SSL Loss:0.000393, Sum: 0.016998
Step 17000/30000  DM Loss: 0.016547 SSL Loss:0.000390, Sum: 0.016937
Step 18000/30000  DM Loss: 0.016471 SSL Loss:0.000373, Sum: 0.016844
Step 19000/30000  DM Loss: 0.016519 SSL Loss:0.000374, Sum: 0.016893
Step 20000/30000  DM Loss: 0.016352 SSL Loss:0.000365, Sum: 0.016717
Step 21000/30000  DM Loss: 0.016409 SSL Loss:0.000362, Sum: 0.016772
Step 22000/30000  DM Loss: 0.016323 SSL Loss:0.000359, Sum: 0.016682
Step 23000/30000  DM Loss: 0.016212 SSL Loss:0.000355, Sum: 0.016567
Step 24000/30000  DM Loss: 0.016251 SSL Loss:0.000360, Sum: 0.016611
Step 25000/30000  DM Loss: 0.016169 SSL Loss:0.000348, Sum: 0.016518
Step 26000/30000  DM Loss: 0.016238 SSL Loss:0.000344, Sum: 0.016582
Step 27000/30000  DM Loss: 0.016128 SSL Loss:0.000335, Sum: 0.016463
Step 28000/30000  DM Loss: 0.016125 SSL Loss:0.000343, Sum: 0.016468
Step 29000/30000  DM Loss: 0.016131 SSL Loss:0.000338, Sum: 0.016469
Step 30000/30000  DM Loss: 0.016093 SSL Loss:0.000331, Sum: 0.016423
SimpDM finished. RMSE on model subspace: 0.06412252553782456
RMSE on original scale: 268212.78117865697
Step 1000/30000  DM Loss: 0.031451 SSL Loss:0.001591, Sum: 0.033042
Step 2000/30000  DM Loss: 0.026060 SSL Loss:0.001030, Sum: 0.027090
Step 3000/30000  DM Loss: 0.024514 SSL Loss:0.000918, Sum: 0.025432
Step 4000/30000  DM Loss: 0.022162 SSL Loss:0.000964, Sum: 0.023126
Step 5000/30000  DM Loss: 0.019970 SSL Loss:0.000791, Sum: 0.020761
Step 6000/30000  DM Loss: 0.019369 SSL Loss:0.000704, Sum: 0.020072
Step 7000/30000  DM Loss: 0.018632 SSL Loss:0.000653, Sum: 0.019285
Step 8000/30000  DM Loss: 0.017918 SSL Loss:0.000583, Sum: 0.018502
Step 9000/30000  DM Loss: 0.017639 SSL Loss:0.000537, Sum: 0.018175
Step 10000/30000  DM Loss: 0.017390 SSL Loss:0.000504, Sum: 0.017894
Step 11000/30000  DM Loss: 0.017276 SSL Loss:0.000480, Sum: 0.017756
Step 12000/30000  DM Loss: 0.017075 SSL Loss:0.000471, Sum: 0.017546
Step 13000/30000  DM Loss: 0.016993 SSL Loss:0.000468, Sum: 0.017462
Step 14000/30000  DM Loss: 0.016998 SSL Loss:0.000452, Sum: 0.017450
Step 15000/30000  DM Loss: 0.016731 SSL Loss:0.000455, Sum: 0.017186
Step 16000/30000  DM Loss: 0.016772 SSL Loss:0.000462, Sum: 0.017234
Step 17000/30000  DM Loss: 0.016472 SSL Loss:0.000465, Sum: 0.016937
Step 18000/30000  DM Loss: 0.016276 SSL Loss:0.000456, Sum: 0.016732
Step 19000/30000  DM Loss: 0.016021 SSL Loss:0.000448, Sum: 0.016469
Step 20000/30000  DM Loss: 0.015878 SSL Loss:0.000444, Sum: 0.016322
Step 21000/30000  DM Loss: 0.015583 SSL Loss:0.000443, Sum: 0.016027
Step 22000/30000  DM Loss: 0.015366 SSL Loss:0.000439, Sum: 0.015805
Step 23000/30000  DM Loss: 0.015188 SSL Loss:0.000432, Sum: 0.015620
Step 24000/30000  DM Loss: 0.015207 SSL Loss:0.000418, Sum: 0.015625
Step 25000/30000  DM Loss: 0.015069 SSL Loss:0.000408, Sum: 0.015477
Step 26000/30000  DM Loss: 0.014998 SSL Loss:0.000404, Sum: 0.015402
Step 27000/30000  DM Loss: 0.015036 SSL Loss:0.000403, Sum: 0.015438
Step 28000/30000  DM Loss: 0.014966 SSL Loss:0.000394, Sum: 0.015359
Step 29000/30000  DM Loss: 0.014848 SSL Loss:0.000383, Sum: 0.015232
Step 30000/30000  DM Loss: 0.014839 SSL Loss:0.000380, Sum: 0.015218
SimpDM finished. RMSE on model subspace: 0.04608035558434855
RMSE on original scale: 270271.25136327936
Step 1000/30000  DM Loss: 0.033167 SSL Loss:0.001676, Sum: 0.034844
Step 2000/30000  DM Loss: 0.028506 SSL Loss:0.001127, Sum: 0.029633
Step 3000/30000  DM Loss: 0.025612 SSL Loss:0.001162, Sum: 0.026775
Step 4000/30000  DM Loss: 0.023038 SSL Loss:0.000966, Sum: 0.024004
Step 5000/30000  DM Loss: 0.021408 SSL Loss:0.000855, Sum: 0.022263
Step 6000/30000  DM Loss: 0.019552 SSL Loss:0.000810, Sum: 0.020361
Step 7000/30000  DM Loss: 0.018970 SSL Loss:0.000660, Sum: 0.019630
Step 8000/30000  DM Loss: 0.018716 SSL Loss:0.000595, Sum: 0.019310
Step 9000/30000  DM Loss: 0.018526 SSL Loss:0.000556, Sum: 0.019082
Step 10000/30000  DM Loss: 0.018327 SSL Loss:0.000549, Sum: 0.018876
Step 11000/30000  DM Loss: 0.018096 SSL Loss:0.000569, Sum: 0.018665
Step 12000/30000  DM Loss: 0.017491 SSL Loss:0.000537, Sum: 0.018028
Step 13000/30000  DM Loss: 0.017155 SSL Loss:0.000500, Sum: 0.017656
Step 14000/30000  DM Loss: 0.017025 SSL Loss:0.000486, Sum: 0.017511
Step 15000/30000  DM Loss: 0.016936 SSL Loss:0.000466, Sum: 0.017401
Step 16000/30000  DM Loss: 0.016712 SSL Loss:0.000455, Sum: 0.017167
Step 17000/30000  DM Loss: 0.016695 SSL Loss:0.000441, Sum: 0.017136
Step 18000/30000  DM Loss: 0.016592 SSL Loss:0.000450, Sum: 0.017041
Step 19000/30000  DM Loss: 0.016462 SSL Loss:0.000443, Sum: 0.016905
Step 20000/30000  DM Loss: 0.016296 SSL Loss:0.000430, Sum: 0.016727
Step 21000/30000  DM Loss: 0.016121 SSL Loss:0.000440, Sum: 0.016561
Step 22000/30000  DM Loss: 0.016039 SSL Loss:0.000438, Sum: 0.016477
Step 23000/30000  DM Loss: 0.015912 SSL Loss:0.000431, Sum: 0.016343
Step 24000/30000  DM Loss: 0.015762 SSL Loss:0.000434, Sum: 0.016197
Step 25000/30000  DM Loss: 0.015669 SSL Loss:0.000426, Sum: 0.016095
Step 26000/30000  DM Loss: 0.015559 SSL Loss:0.000420, Sum: 0.015979
Step 27000/30000  DM Loss: 0.015455 SSL Loss:0.000426, Sum: 0.015881
Step 28000/30000  DM Loss: 0.015362 SSL Loss:0.000421, Sum: 0.015783
Step 29000/30000  DM Loss: 0.015363 SSL Loss:0.000416, Sum: 0.015778
Step 30000/30000  DM Loss: 0.015304 SSL Loss:0.000413, Sum: 0.015717
SimpDM finished. RMSE on model subspace: 0.0915519826935182
RMSE on original scale: 465472757.1031758
Step 1000/30000  DM Loss: 0.031481 SSL Loss:0.001675, Sum: 0.033156
Step 2000/30000  DM Loss: 0.027640 SSL Loss:0.001109, Sum: 0.028749
Step 3000/30000  DM Loss: 0.025077 SSL Loss:0.001031, Sum: 0.026108
Step 4000/30000  DM Loss: 0.023209 SSL Loss:0.000942, Sum: 0.024151
Step 5000/30000  DM Loss: 0.021603 SSL Loss:0.000934, Sum: 0.022537
Step 6000/30000  DM Loss: 0.019426 SSL Loss:0.000779, Sum: 0.020205
Step 7000/30000  DM Loss: 0.018970 SSL Loss:0.000639, Sum: 0.019609
Step 8000/30000  DM Loss: 0.018813 SSL Loss:0.000579, Sum: 0.019393
Step 9000/30000  DM Loss: 0.018554 SSL Loss:0.000544, Sum: 0.019098
Step 10000/30000  DM Loss: 0.018278 SSL Loss:0.000543, Sum: 0.018821
Step 11000/30000  DM Loss: 0.018105 SSL Loss:0.000516, Sum: 0.018622
Step 12000/30000  DM Loss: 0.017804 SSL Loss:0.000530, Sum: 0.018333
Step 13000/30000  DM Loss: 0.017625 SSL Loss:0.000506, Sum: 0.018131
Step 14000/30000  DM Loss: 0.017301 SSL Loss:0.000498, Sum: 0.017799
Step 15000/30000  DM Loss: 0.017075 SSL Loss:0.000486, Sum: 0.017561
Step 16000/30000  DM Loss: 0.016804 SSL Loss:0.000486, Sum: 0.017290
Step 17000/30000  DM Loss: 0.016621 SSL Loss:0.000500, Sum: 0.017121
Step 18000/30000  DM Loss: 0.016274 SSL Loss:0.000483, Sum: 0.016757
Step 19000/30000  DM Loss: 0.016164 SSL Loss:0.000467, Sum: 0.016631
Step 20000/30000  DM Loss: 0.016049 SSL Loss:0.000459, Sum: 0.016508
Step 21000/30000  DM Loss: 0.015908 SSL Loss:0.000449, Sum: 0.016357
Step 22000/30000  DM Loss: 0.015891 SSL Loss:0.000443, Sum: 0.016335
Step 23000/30000  DM Loss: 0.015838 SSL Loss:0.000438, Sum: 0.016276
Step 24000/30000  DM Loss: 0.015768 SSL Loss:0.000428, Sum: 0.016195
Step 25000/30000  DM Loss: 0.015719 SSL Loss:0.000429, Sum: 0.016148
Step 26000/30000  DM Loss: 0.015576 SSL Loss:0.000414, Sum: 0.015990
Step 27000/30000  DM Loss: 0.015717 SSL Loss:0.000426, Sum: 0.016142
Step 28000/30000  DM Loss: 0.015507 SSL Loss:0.000406, Sum: 0.015913
Step 29000/30000  DM Loss: 0.015465 SSL Loss:0.000409, Sum: 0.015874
Step 30000/30000  DM Loss: 0.015465 SSL Loss:0.000400, Sum: 0.015866
SimpDM finished. RMSE on model subspace: 0.07497047107475763
RMSE on original scale: 468657931.82502866
rmse: 0.0705+-0.0132
rmse_unreg: 186934208.4611+-200489241.4401
