nohup: ignoring input
Step 1000/30000  DM Loss: 0.037144 SSL Loss:0.001969, Sum: 0.039113
Step 2000/30000  DM Loss: 0.029595 SSL Loss:0.001541, Sum: 0.031137
Step 3000/30000  DM Loss: 0.025899 SSL Loss:0.001244, Sum: 0.027143
Step 4000/30000  DM Loss: 0.020910 SSL Loss:0.001058, Sum: 0.021969
Step 5000/30000  DM Loss: 0.019549 SSL Loss:0.000850, Sum: 0.020399
Step 6000/30000  DM Loss: 0.018703 SSL Loss:0.000757, Sum: 0.019460
Step 7000/30000  DM Loss: 0.018333 SSL Loss:0.000673, Sum: 0.019005
Step 8000/30000  DM Loss: 0.017738 SSL Loss:0.000609, Sum: 0.018347
Step 9000/30000  DM Loss: 0.017605 SSL Loss:0.000573, Sum: 0.018178
Step 10000/30000  DM Loss: 0.017216 SSL Loss:0.000538, Sum: 0.017754
Step 11000/30000  DM Loss: 0.016981 SSL Loss:0.000500, Sum: 0.017481
Step 12000/30000  DM Loss: 0.016683 SSL Loss:0.000478, Sum: 0.017162
Step 13000/30000  DM Loss: 0.016592 SSL Loss:0.000463, Sum: 0.017055
Step 14000/30000  DM Loss: 0.016525 SSL Loss:0.000442, Sum: 0.016967
Step 15000/30000  DM Loss: 0.016383 SSL Loss:0.000449, Sum: 0.016832
Step 16000/30000  DM Loss: 0.016199 SSL Loss:0.000437, Sum: 0.016637
Step 17000/30000  DM Loss: 0.016114 SSL Loss:0.000422, Sum: 0.016536
Step 18000/30000  DM Loss: 0.015860 SSL Loss:0.000406, Sum: 0.016266
Step 19000/30000  DM Loss: 0.015867 SSL Loss:0.000422, Sum: 0.016290
Step 20000/30000  DM Loss: 0.015714 SSL Loss:0.000423, Sum: 0.016137
Step 21000/30000  DM Loss: 0.015637 SSL Loss:0.000418, Sum: 0.016055
Step 22000/30000  DM Loss: 0.015530 SSL Loss:0.000416, Sum: 0.015946
Step 23000/30000  DM Loss: 0.015388 SSL Loss:0.000412, Sum: 0.015800
Step 24000/30000  DM Loss: 0.015343 SSL Loss:0.000422, Sum: 0.015765
Step 25000/30000  DM Loss: 0.015254 SSL Loss:0.000420, Sum: 0.015674
Step 26000/30000  DM Loss: 0.015209 SSL Loss:0.000426, Sum: 0.015635
Step 27000/30000  DM Loss: 0.015126 SSL Loss:0.000414, Sum: 0.015541
Step 28000/30000  DM Loss: 0.015017 SSL Loss:0.000417, Sum: 0.015434
Step 29000/30000  DM Loss: 0.014970 SSL Loss:0.000418, Sum: 0.015387
Step 30000/30000  DM Loss: 0.014913 SSL Loss:0.000408, Sum: 0.015321
SimpDM finished. RMSE on model subspace: 0.08304552753511721
RMSE on original scale: 26759080.06874528
Step 1000/30000  DM Loss: 0.034315 SSL Loss:0.001095, Sum: 0.035410
Step 2000/30000  DM Loss: 0.029477 SSL Loss:0.000955, Sum: 0.030432
Step 3000/30000  DM Loss: 0.026746 SSL Loss:0.001081, Sum: 0.027828
Step 4000/30000  DM Loss: 0.023774 SSL Loss:0.000947, Sum: 0.024720
Step 5000/30000  DM Loss: 0.022753 SSL Loss:0.000815, Sum: 0.023568
Step 6000/30000  DM Loss: 0.021976 SSL Loss:0.000676, Sum: 0.022652
Step 7000/30000  DM Loss: 0.021653 SSL Loss:0.000614, Sum: 0.022267
Step 8000/30000  DM Loss: 0.021373 SSL Loss:0.000581, Sum: 0.021955
Step 9000/30000  DM Loss: 0.021167 SSL Loss:0.000576, Sum: 0.021743
Step 10000/30000  DM Loss: 0.020801 SSL Loss:0.000583, Sum: 0.021384
Step 11000/30000  DM Loss: 0.020328 SSL Loss:0.000595, Sum: 0.020923
Step 12000/30000  DM Loss: 0.020049 SSL Loss:0.000591, Sum: 0.020639
Step 13000/30000  DM Loss: 0.019836 SSL Loss:0.000566, Sum: 0.020402
Step 14000/30000  DM Loss: 0.019732 SSL Loss:0.000553, Sum: 0.020284
Step 15000/30000  DM Loss: 0.019648 SSL Loss:0.000542, Sum: 0.020190
Step 16000/30000  DM Loss: 0.019421 SSL Loss:0.000522, Sum: 0.019942
Step 17000/30000  DM Loss: 0.019316 SSL Loss:0.000503, Sum: 0.019819
Step 18000/30000  DM Loss: 0.019155 SSL Loss:0.000493, Sum: 0.019648
Step 19000/30000  DM Loss: 0.019290 SSL Loss:0.000488, Sum: 0.019777
Step 20000/30000  DM Loss: 0.019165 SSL Loss:0.000477, Sum: 0.019641
Step 21000/30000  DM Loss: 0.019097 SSL Loss:0.000462, Sum: 0.019559
Step 22000/30000  DM Loss: 0.018995 SSL Loss:0.000455, Sum: 0.019450
Step 23000/30000  DM Loss: 0.018920 SSL Loss:0.000453, Sum: 0.019373
Step 24000/30000  DM Loss: 0.018895 SSL Loss:0.000446, Sum: 0.019341
Step 25000/30000  DM Loss: 0.018852 SSL Loss:0.000435, Sum: 0.019287
Step 26000/30000  DM Loss: 0.018881 SSL Loss:0.000433, Sum: 0.019314
Step 27000/30000  DM Loss: 0.018722 SSL Loss:0.000436, Sum: 0.019158
Step 28000/30000  DM Loss: 0.018790 SSL Loss:0.000435, Sum: 0.019225
Step 29000/30000  DM Loss: 0.018772 SSL Loss:0.000426, Sum: 0.019198
Step 30000/30000  DM Loss: 0.018742 SSL Loss:0.000424, Sum: 0.019166
SimpDM finished. RMSE on model subspace: 0.09086000655114543
RMSE on original scale: 467586559.78433836
Step 1000/30000  DM Loss: 0.032859 SSL Loss:0.001417, Sum: 0.034276
Step 2000/30000  DM Loss: 0.030277 SSL Loss:0.000922, Sum: 0.031198
Step 3000/30000  DM Loss: 0.028953 SSL Loss:0.000908, Sum: 0.029861
Step 4000/30000  DM Loss: 0.027574 SSL Loss:0.000842, Sum: 0.028416
Step 5000/30000  DM Loss: 0.025880 SSL Loss:0.001031, Sum: 0.026912
Step 6000/30000  DM Loss: 0.022383 SSL Loss:0.001061, Sum: 0.023444
Step 7000/30000  DM Loss: 0.020903 SSL Loss:0.000840, Sum: 0.021744
Step 8000/30000  DM Loss: 0.020000 SSL Loss:0.000689, Sum: 0.020689
Step 9000/30000  DM Loss: 0.019553 SSL Loss:0.000614, Sum: 0.020166
Step 10000/30000  DM Loss: 0.019264 SSL Loss:0.000567, Sum: 0.019831
Step 11000/30000  DM Loss: 0.019257 SSL Loss:0.000554, Sum: 0.019812
Step 12000/30000  DM Loss: 0.018981 SSL Loss:0.000506, Sum: 0.019486
Step 13000/30000  DM Loss: 0.018861 SSL Loss:0.000485, Sum: 0.019346
Step 14000/30000  DM Loss: 0.018825 SSL Loss:0.000471, Sum: 0.019295
Step 15000/30000  DM Loss: 0.018683 SSL Loss:0.000453, Sum: 0.019136
Step 16000/30000  DM Loss: 0.018734 SSL Loss:0.000436, Sum: 0.019170
Step 17000/30000  DM Loss: 0.018588 SSL Loss:0.000438, Sum: 0.019027
Step 18000/30000  DM Loss: 0.018445 SSL Loss:0.000421, Sum: 0.018866
Step 19000/30000  DM Loss: 0.018360 SSL Loss:0.000413, Sum: 0.018773
Step 20000/30000  DM Loss: 0.018413 SSL Loss:0.000414, Sum: 0.018827
Step 21000/30000  DM Loss: 0.018181 SSL Loss:0.000405, Sum: 0.018587
Step 22000/30000  DM Loss: 0.018092 SSL Loss:0.000407, Sum: 0.018499
Step 23000/30000  DM Loss: 0.017893 SSL Loss:0.000400, Sum: 0.018292
Step 24000/30000  DM Loss: 0.017858 SSL Loss:0.000396, Sum: 0.018254
Step 25000/30000  DM Loss: 0.017763 SSL Loss:0.000371, Sum: 0.018134
Step 26000/30000  DM Loss: 0.017709 SSL Loss:0.000363, Sum: 0.018072
Step 27000/30000  DM Loss: 0.017706 SSL Loss:0.000364, Sum: 0.018070
Step 28000/30000  DM Loss: 0.017569 SSL Loss:0.000359, Sum: 0.017928
Step 29000/30000  DM Loss: 0.017491 SSL Loss:0.000350, Sum: 0.017841
Step 30000/30000  DM Loss: 0.017505 SSL Loss:0.000341, Sum: 0.017846
SimpDM finished. RMSE on model subspace: 0.030629496714586348
RMSE on original scale: 3203.9664111026623
Step 1000/30000  DM Loss: 0.035034 SSL Loss:0.001717, Sum: 0.036751
Step 2000/30000  DM Loss: 0.028828 SSL Loss:0.001245, Sum: 0.030073
Step 3000/30000  DM Loss: 0.026037 SSL Loss:0.001025, Sum: 0.027062
Step 4000/30000  DM Loss: 0.024826 SSL Loss:0.000943, Sum: 0.025769
Step 5000/30000  DM Loss: 0.024071 SSL Loss:0.000847, Sum: 0.024918
Step 6000/30000  DM Loss: 0.023690 SSL Loss:0.000798, Sum: 0.024488
Step 7000/30000  DM Loss: 0.023183 SSL Loss:0.000764, Sum: 0.023946
Step 8000/30000  DM Loss: 0.022900 SSL Loss:0.000732, Sum: 0.023633
Step 9000/30000  DM Loss: 0.022500 SSL Loss:0.000789, Sum: 0.023289
Step 10000/30000  DM Loss: 0.021501 SSL Loss:0.000857, Sum: 0.022358
Step 11000/30000  DM Loss: 0.020350 SSL Loss:0.000783, Sum: 0.021134
Step 12000/30000  DM Loss: 0.019973 SSL Loss:0.000599, Sum: 0.020572
Step 13000/30000  DM Loss: 0.019627 SSL Loss:0.000563, Sum: 0.020190
Step 14000/30000  DM Loss: 0.019237 SSL Loss:0.000553, Sum: 0.019790
Step 15000/30000  DM Loss: 0.018809 SSL Loss:0.000544, Sum: 0.019353
Step 16000/30000  DM Loss: 0.018116 SSL Loss:0.000516, Sum: 0.018632
Step 17000/30000  DM Loss: 0.017925 SSL Loss:0.000505, Sum: 0.018430
Step 18000/30000  DM Loss: 0.017628 SSL Loss:0.000483, Sum: 0.018111
Step 19000/30000  DM Loss: 0.017494 SSL Loss:0.000475, Sum: 0.017970
Step 20000/30000  DM Loss: 0.017407 SSL Loss:0.000442, Sum: 0.017849
Step 21000/30000  DM Loss: 0.017128 SSL Loss:0.000443, Sum: 0.017571
Step 22000/30000  DM Loss: 0.017146 SSL Loss:0.000435, Sum: 0.017581
Step 23000/30000  DM Loss: 0.017017 SSL Loss:0.000432, Sum: 0.017449
Step 24000/30000  DM Loss: 0.016870 SSL Loss:0.000423, Sum: 0.017293
Step 25000/30000  DM Loss: 0.016714 SSL Loss:0.000396, Sum: 0.017110
Step 26000/30000  DM Loss: 0.016561 SSL Loss:0.000398, Sum: 0.016958
Step 27000/30000  DM Loss: 0.016495 SSL Loss:0.000385, Sum: 0.016880
Step 28000/30000  DM Loss: 0.016404 SSL Loss:0.000382, Sum: 0.016786
Step 29000/30000  DM Loss: 0.016437 SSL Loss:0.000377, Sum: 0.016815
Step 30000/30000  DM Loss: 0.016334 SSL Loss:0.000369, Sum: 0.016703
SimpDM finished. RMSE on model subspace: 0.07277797499639953
RMSE on original scale: 466429249.2706958
Step 1000/30000  DM Loss: 0.036351 SSL Loss:0.002064, Sum: 0.038416
Step 2000/30000  DM Loss: 0.028713 SSL Loss:0.001332, Sum: 0.030044
Step 3000/30000  DM Loss: 0.026194 SSL Loss:0.001054, Sum: 0.027248
Step 4000/30000  DM Loss: 0.023880 SSL Loss:0.001085, Sum: 0.024964
Step 5000/30000  DM Loss: 0.021140 SSL Loss:0.001141, Sum: 0.022281
Step 6000/30000  DM Loss: 0.019431 SSL Loss:0.000875, Sum: 0.020306
Step 7000/30000  DM Loss: 0.018748 SSL Loss:0.000725, Sum: 0.019473
Step 8000/30000  DM Loss: 0.018538 SSL Loss:0.000639, Sum: 0.019177
Step 9000/30000  DM Loss: 0.018212 SSL Loss:0.000583, Sum: 0.018796
Step 10000/30000  DM Loss: 0.018069 SSL Loss:0.000560, Sum: 0.018630
Step 11000/30000  DM Loss: 0.018049 SSL Loss:0.000539, Sum: 0.018589
Step 12000/30000  DM Loss: 0.017842 SSL Loss:0.000529, Sum: 0.018370
Step 13000/30000  DM Loss: 0.017785 SSL Loss:0.000508, Sum: 0.018292
Step 14000/30000  DM Loss: 0.017531 SSL Loss:0.000499, Sum: 0.018030
Step 15000/30000  DM Loss: 0.017561 SSL Loss:0.000482, Sum: 0.018043
Step 16000/30000  DM Loss: 0.017433 SSL Loss:0.000485, Sum: 0.017918
Step 17000/30000  DM Loss: 0.017438 SSL Loss:0.000492, Sum: 0.017929
Step 18000/30000  DM Loss: 0.017210 SSL Loss:0.000476, Sum: 0.017686
Step 19000/30000  DM Loss: 0.017203 SSL Loss:0.000469, Sum: 0.017672
Step 20000/30000  DM Loss: 0.017125 SSL Loss:0.000459, Sum: 0.017584
Step 21000/30000  DM Loss: 0.016990 SSL Loss:0.000465, Sum: 0.017455
Step 22000/30000  DM Loss: 0.016994 SSL Loss:0.000463, Sum: 0.017457
Step 23000/30000  DM Loss: 0.016927 SSL Loss:0.000467, Sum: 0.017394
Step 24000/30000  DM Loss: 0.016839 SSL Loss:0.000463, Sum: 0.017302
Step 25000/30000  DM Loss: 0.016811 SSL Loss:0.000462, Sum: 0.017273
Step 26000/30000  DM Loss: 0.016620 SSL Loss:0.000452, Sum: 0.017072
Step 27000/30000  DM Loss: 0.016715 SSL Loss:0.000464, Sum: 0.017179
Step 28000/30000  DM Loss: 0.016573 SSL Loss:0.000447, Sum: 0.017020
Step 29000/30000  DM Loss: 0.016478 SSL Loss:0.000444, Sum: 0.016923
Step 30000/30000  DM Loss: 0.016510 SSL Loss:0.000444, Sum: 0.016954
SimpDM finished. RMSE on model subspace: 0.06527621478446512
RMSE on original scale: 6188.293943165746
rmse: 0.0685+-0.0183
rmse_unreg: 192156856.2768+-196894930.0378
